#
# There is insufficient memory for the Java Runtime Environment to continue.
# Native memory allocation (malloc) failed to allocate 716336 bytes for Chunk::new
# Possible reasons:
#   The system is out of physical RAM or swap space
#   The process is running with CompressedOops enabled, and the Java Heap may be blocking the growth of the native heap
# Possible solutions:
#   Reduce memory load on the system
#   Increase physical memory or swap space
#   Check if swap backing store is full
#   Decrease Java heap size (-Xmx/-Xms)
#   Decrease number of Java threads
#   Decrease Java thread stack sizes (-Xss)
#   Set larger code cache with -XX:ReservedCodeCacheSize=
#   JVM is running with Unscaled Compressed Oops mode in which the Java heap is
#     placed in the first 4GB address space. The Java Heap base address is the
#     maximum limit for the native heap growth. Please use -XX:HeapBaseMinAddress
#     to set the Java Heap base and to place the Java Heap above 4GB virtual address.
# This output file may be truncated or incomplete.
#
#  Out of Memory Error (arena.cpp:191), pid=11072, tid=16220
#
# JRE version: OpenJDK Runtime Environment Temurin-17.0.10+7 (17.0.10+7) (build 17.0.10+7)
# Java VM: OpenJDK 64-Bit Server VM Temurin-17.0.10+7 (17.0.10+7, mixed mode, tiered, compressed oops, compressed class ptrs, parallel gc, windows-amd64)
# No core dump will be written. Minidumps are not enabled by default on client versions of Windows
#

---------------  S U M M A R Y ------------

Command Line: --add-modules=ALL-SYSTEM --add-opens=java.base/java.util=ALL-UNNAMED --add-opens=java.base/java.lang=ALL-UNNAMED --add-opens=java.base/sun.nio.fs=ALL-UNNAMED -Declipse.application=org.eclipse.jdt.ls.core.id1 -Dosgi.bundles.defaultStartLevel=4 -Declipse.product=org.eclipse.jdt.ls.core.product -Djava.import.generatesMetadataFilesAtProjectRoot=false -DDetectVMInstallationsJob.disabled=true -Dfile.encoding=utf8 -XX:+UseParallelGC -XX:GCTimeRatio=4 -XX:AdaptiveSizePolicyWeight=90 -Dsun.zip.disableMemoryMapping=true -Xmx1G -Xms100m -Xlog:disable -javaagent:c:\Users\rsssa\.vscode\extensions\redhat.java-1.28.1-win32-x64\lombok\lombok-1.18.31.jar -XX:+HeapDumpOnOutOfMemoryError -XX:HeapDumpPath=c:\Users\rsssa\AppData\Roaming\Code\User\workspaceStorage\cf87f48ec094f8ee1c017ef20b3908f4\redhat.java -Daether.dependencyCollector.impl=bf c:\Users\rsssa\.vscode\extensions\redhat.java-1.28.1-win32-x64\server\plugins\org.eclipse.equinox.launcher_1.6.700.v20231214-2017.jar -configuration c:\Users\rsssa\AppData\Roaming\Code\User\globalStorage\redhat.java\1.28.1\config_win -data c:\Users\rsssa\AppData\Roaming\Code\User\workspaceStorage\cf87f48ec094f8ee1c017ef20b3908f4\redhat.java\jdt_ws --stdio

Host: Intel(R) Core(TM) i3-7020U CPU @ 2.30GHz, 4 cores, 3G,  Windows 10 , 64 bit Build 19041 (10.0.19041.3636)
Time: Sat Feb 24 17:28:36 2024 India Standard Time elapsed time: 38.818447 seconds (0d 0h 0m 38s)

---------------  T H R E A D  ---------------

Current thread (0x0000020fe266f600):  JavaThread "C2 CompilerThread0" daemon [_thread_in_native, id=16220, stack(0x0000003c37100000,0x0000003c37200000)]


Current CompileTask:
C2:  38818 6531 %     4       java.util.zip.ZipFile$Source::initCEN @ 240 (591 bytes)

Stack: [0x0000003c37100000,0x0000003c37200000]
Native frames: (J=compiled Java code, j=interpreted, Vv=VM code, C=native code)
V  [jvm.dll+0x67d2c9]
V  [jvm.dll+0x834afa]
V  [jvm.dll+0x8365be]
V  [jvm.dll+0x836c23]
V  [jvm.dll+0x2477ff]
V  [jvm.dll+0xac514]
V  [jvm.dll+0xacb5c]
V  [jvm.dll+0x366782]
V  [jvm.dll+0x330bfa]
V  [jvm.dll+0x33009a]
V  [jvm.dll+0x219ef1]
V  [jvm.dll+0x219311]
V  [jvm.dll+0x1a502d]
V  [jvm.dll+0x2290de]
V  [jvm.dll+0x2272ac]
V  [jvm.dll+0x7e9bb7]
V  [jvm.dll+0x7e3fba]
V  [jvm.dll+0x67c1b5]
C  [ucrtbase.dll+0x21bb2]
C  [KERNEL32.DLL+0x17344]
C  [ntdll.dll+0x526b1]


---------------  P R O C E S S  ---------------

Threads class SMR info:
_java_thread_list=0x0000020feabdac90, length=29, elements={
0x0000020fce8018b0, 0x0000020fce8b7460, 0x0000020fce8baf90, 0x0000020fe2669030,
0x0000020fe2669eb0, 0x0000020fe266ad30, 0x0000020fe266c900, 0x0000020fe266f600,
0x0000020fe78a6870, 0x0000020fe78ab640, 0x0000020fce861db0, 0x0000020fe7a05fe0,
0x0000020fe81c9e00, 0x0000020fe824e430, 0x0000020fe824e910, 0x0000020fe8640cf0,
0x0000020fe836b410, 0x0000020fe7dea810, 0x0000020fe7de7060, 0x0000020fe7de7570,
0x0000020fe7de7f90, 0x0000020fe7de84a0, 0x0000020fe7de89b0, 0x0000020fe8ae9d60,
0x0000020fe8aea270, 0x0000020fe8ae3d30, 0x0000020fe8ae9340, 0x0000020fe8ae5170,
0x0000020fe8ae60a0
}

Java Threads: ( => current thread )
  0x0000020fce8018b0 JavaThread "main" [_thread_blocked, id=9768, stack(0x0000003c36800000,0x0000003c36900000)]
  0x0000020fce8b7460 JavaThread "Reference Handler" daemon [_thread_blocked, id=21320, stack(0x0000003c36b00000,0x0000003c36c00000)]
  0x0000020fce8baf90 JavaThread "Finalizer" daemon [_thread_blocked, id=20840, stack(0x0000003c36c00000,0x0000003c36d00000)]
  0x0000020fe2669030 JavaThread "Signal Dispatcher" daemon [_thread_blocked, id=2976, stack(0x0000003c36d00000,0x0000003c36e00000)]
  0x0000020fe2669eb0 JavaThread "Attach Listener" daemon [_thread_blocked, id=6900, stack(0x0000003c36e00000,0x0000003c36f00000)]
  0x0000020fe266ad30 JavaThread "Service Thread" daemon [_thread_blocked, id=17880, stack(0x0000003c36f00000,0x0000003c37000000)]
  0x0000020fe266c900 JavaThread "Monitor Deflation Thread" daemon [_thread_blocked, id=13044, stack(0x0000003c37000000,0x0000003c37100000)]
=>0x0000020fe266f600 JavaThread "C2 CompilerThread0" daemon [_thread_in_native, id=16220, stack(0x0000003c37100000,0x0000003c37200000)]
  0x0000020fe78a6870 JavaThread "C1 CompilerThread0" daemon [_thread_blocked, id=3788, stack(0x0000003c37200000,0x0000003c37300000)]
  0x0000020fe78ab640 JavaThread "Sweeper thread" daemon [_thread_blocked, id=10676, stack(0x0000003c37300000,0x0000003c37400000)]
  0x0000020fce861db0 JavaThread "Common-Cleaner" daemon [_thread_blocked, id=17832, stack(0x0000003c37400000,0x0000003c37500000)]
  0x0000020fe7a05fe0 JavaThread "Notification Thread" daemon [_thread_blocked, id=12340, stack(0x0000003c37500000,0x0000003c37600000)]
  0x0000020fe81c9e00 JavaThread "Active Thread: Equinox Container: 87231edd-5e2d-4328-bfc0-0f5d40630aeb" [_thread_blocked, id=18636, stack(0x0000003c37a00000,0x0000003c37b00000)]
  0x0000020fe824e430 JavaThread "Framework Event Dispatcher: Equinox Container: 87231edd-5e2d-4328-bfc0-0f5d40630aeb" daemon [_thread_blocked, id=16536, stack(0x0000003c37b00000,0x0000003c37c00000)]
  0x0000020fe824e910 JavaThread "Start Level: Equinox Container: 87231edd-5e2d-4328-bfc0-0f5d40630aeb" daemon [_thread_blocked, id=7660, stack(0x0000003c37c00000,0x0000003c37d00000)]
  0x0000020fe8640cf0 JavaThread "Bundle File Closer" daemon [_thread_blocked, id=19636, stack(0x0000003c37d00000,0x0000003c37e00000)]
  0x0000020fe836b410 JavaThread "SCR Component Actor" daemon [_thread_blocked, id=20620, stack(0x0000003c37e00000,0x0000003c37f00000)]
  0x0000020fe7dea810 JavaThread "Worker-JM" [_thread_blocked, id=20716, stack(0x0000003c38000000,0x0000003c38100000)]
  0x0000020fe7de7060 JavaThread "Worker-0" [_thread_blocked, id=18400, stack(0x0000003c38100000,0x0000003c38200000)]
  0x0000020fe7de7570 JavaThread "Worker-1" [_thread_blocked, id=10120, stack(0x0000003c38200000,0x0000003c38300000)]
  0x0000020fe7de7f90 JavaThread "Worker-2" [_thread_blocked, id=7880, stack(0x0000003c38300000,0x0000003c38400000)]
  0x0000020fe7de84a0 JavaThread "Worker-3: Initialize Workspace" [_thread_blocked, id=19600, stack(0x0000003c38400000,0x0000003c38500000)]
  0x0000020fe7de89b0 JavaThread "Java indexing" daemon [_thread_blocked, id=20236, stack(0x0000003c38500000,0x0000003c38600000)]
  0x0000020fe8ae9d60 JavaThread "JNA Cleaner" daemon [_thread_blocked, id=20940, stack(0x0000003c37f00000,0x0000003c38000000)]
  0x0000020fe8aea270 JavaThread "pool-2-thread-1" [_thread_blocked, id=15572, stack(0x0000003c38600000,0x0000003c38700000)]
  0x0000020fe8ae3d30 JavaThread "WorkspaceEventsHandler" [_thread_blocked, id=19508, stack(0x0000003c38700000,0x0000003c38800000)]
  0x0000020fe8ae9340 JavaThread "pool-1-thread-1" [_thread_blocked, id=17232, stack(0x0000003c38800000,0x0000003c38900000)]
  0x0000020fe8ae5170 JavaThread "Timer-0" [_thread_blocked, id=17208, stack(0x0000003c38900000,0x0000003c38a00000)]
  0x0000020fe8ae60a0 JavaThread "Connection worker" [_thread_in_Java, id=3628, stack(0x0000003c38a00000,0x0000003c38b00000)]

Other Threads:
  0x0000020fe2636690 VMThread "VM Thread" [stack: 0x0000003c36a00000,0x0000003c36b00000] [id=2916]
  0x0000020fe7ccd810 WatcherThread [stack: 0x0000003c37600000,0x0000003c37700000] [id=19504]
  0x0000020fce8151a0 GCTaskThread "GC Thread#0" [stack: 0x0000003c36900000,0x0000003c36a00000] [id=17308]
  0x0000020fe7ef9f00 GCTaskThread "GC Thread#1" [stack: 0x0000003c37700000,0x0000003c37800000] [id=20292]
  0x0000020fe80c1460 GCTaskThread "GC Thread#2" [stack: 0x0000003c37800000,0x0000003c37900000] [id=18192]
  0x0000020fe7efa1c0 GCTaskThread "GC Thread#3" [stack: 0x0000003c37900000,0x0000003c37a00000] [id=12292]

Threads with active compile tasks:
C2 CompilerThread0    38878 6531 %     4       java.util.zip.ZipFile$Source::initCEN @ 240 (591 bytes)

VM state: not at safepoint (normal execution)

VM Mutex/Monitor currently owned by a thread: None

Heap address: 0x00000000c0000000, size: 1024 MB, Compressed Oops mode: 32-bit

CDS archive(s) not mapped
Compressed class space mapped at: 0x0000000100000000-0x0000000140000000, reserved size: 1073741824
Narrow klass base: 0x0000000000000000, Narrow klass shift: 3, Narrow klass range: 0x140000000

GC Precious Log:
 CPUs: 4 total, 4 available
 Memory: 4007M
 Large Page Support: Disabled
 NUMA Support: Disabled
 Compressed Oops: Enabled (32-bit)
 Alignments: Space 512K, Generation 512K, Heap 2M
 Heap Min Capacity: 100M
 Heap Initial Capacity: 100M
 Heap Max Capacity: 1G
 Pre-touch: Disabled
 Parallel Workers: 4

Heap:
 PSYoungGen      total 24064K, used 18779K [0x00000000eab00000, 0x00000000ec500000, 0x0000000100000000)
  eden space 21504K, 83% used [0x00000000eab00000,0x00000000ebc8ed78,0x00000000ec000000)
  from space 2560K, 31% used [0x00000000ec280000,0x00000000ec348000,0x00000000ec500000)
  to   space 2560K, 0% used [0x00000000ec000000,0x00000000ec000000,0x00000000ec280000)
 ParOldGen       total 68608K, used 41657K [0x00000000c0000000, 0x00000000c4300000, 0x00000000eab00000)
  object space 68608K, 60% used [0x00000000c0000000,0x00000000c28ae6c8,0x00000000c4300000)
 Metaspace       used 55517K, committed 56512K, reserved 1114112K
  class space    used 6208K, committed 6656K, reserved 1048576K

Card table byte_map: [0x0000020fce1a0000,0x0000020fce3b0000] _byte_map_base: 0x0000020fcdba0000

Marking Bits: (ParMarkBitMap*) 0x00007ffc88ecd7d0
 Begin Bits: [0x0000020fe04a0000, 0x0000020fe14a0000)
 End Bits:   [0x0000020fe14a0000, 0x0000020fe24a0000)

Polling page: 0x0000020fcc7b0000

Metaspace:

Usage:
  Non-class:     48.15 MB used.
      Class:      6.06 MB used.
       Both:     54.22 MB used.

Virtual space:
  Non-class space:       64.00 MB reserved,      48.69 MB ( 76%) committed,  1 nodes.
      Class space:        1.00 GB reserved,       6.50 MB ( <1%) committed,  1 nodes.
             Both:        1.06 GB reserved,      55.19 MB (  5%) committed. 

Chunk freelists:
   Non-Class:  15.33 MB
       Class:  9.33 MB
        Both:  24.66 MB

MaxMetaspaceSize: unlimited
CompressedClassSpaceSize: 1.00 GB
Initial GC threshold: 21.00 MB
Current GC threshold: 58.38 MB
CDS: off
MetaspaceReclaimPolicy: balanced
 - commit_granule_bytes: 65536.
 - commit_granule_words: 8192.
 - virtual_space_node_default_size: 8388608.
 - enlarge_chunks_in_place: 1.
 - new_chunks_are_fully_committed: 0.
 - uncommit_free_chunks: 1.
 - use_allocation_guard: 0.
 - handle_deallocations: 1.


Internal statistics:

num_allocs_failed_limit: 6.
num_arena_births: 480.
num_arena_deaths: 14.
num_vsnodes_births: 2.
num_vsnodes_deaths: 0.
num_space_committed: 883.
num_space_uncommitted: 0.
num_chunks_returned_to_freelist: 20.
num_chunks_taken_from_freelist: 2558.
num_chunk_merges: 8.
num_chunk_splits: 1628.
num_chunks_enlarged: 1019.
num_inconsistent_stats: 0.

CodeHeap 'non-profiled nmethods': size=120000Kb used=3161Kb max_used=3161Kb free=116838Kb
 bounds [0x0000020fd8f70000, 0x0000020fd9290000, 0x0000020fe04a0000]
CodeHeap 'profiled nmethods': size=120000Kb used=11601Kb max_used=11601Kb free=108399Kb
 bounds [0x0000020fd14a0000, 0x0000020fd2000000, 0x0000020fd89d0000]
CodeHeap 'non-nmethods': size=5760Kb used=1292Kb max_used=1360Kb free=4467Kb
 bounds [0x0000020fd89d0000, 0x0000020fd8c40000, 0x0000020fd8f70000]
 total_blobs=6341 nmethods=5720 adapters=534
 compilation: enabled
              stopped_count=0, restarted_count=0
 full_count=0

Compilation events (20 events):
Event: 38.686 Thread 0x0000020fe78a6870 6529       3       java.nio.file.attribute.FileTime::equals (28 bytes)
Event: 38.687 Thread 0x0000020fe78a6870 nmethod 6529 0x0000020fd1fef190 code [0x0000020fd1fef340, 0x0000020fd1fef708]
Event: 38.687 Thread 0x0000020fe78a6870 6530       3       java.nio.file.attribute.FileTime::compareTo (154 bytes)
Event: 38.687 Thread 0x0000020fe266f600 nmethod 6517 0x0000020fd9284790 code [0x0000020fd9284940, 0x0000020fd9284e18]
Event: 38.687 Thread 0x0000020fe266f600 6526       4       java.lang.StringBuilder::append (9 bytes)
Event: 38.688 Thread 0x0000020fe78a6870 nmethod 6530 0x0000020fd1fef810 code [0x0000020fd1fefb20, 0x0000020fd1ff09f8]
Event: 38.700 Thread 0x0000020fe266f600 nmethod 6526 0x0000020fd9285210 code [0x0000020fd92853c0, 0x0000020fd9285a28]
Event: 38.700 Thread 0x0000020fe266f600 6531 %     4       java.util.zip.ZipFile$Source::initCEN @ 240 (591 bytes)
Event: 38.718 Thread 0x0000020fe78a6870 6534       3       jdk.internal.loader.URLClassPath$3::<init> (15 bytes)
Event: 38.719 Thread 0x0000020fe78a6870 nmethod 6534 0x0000020fd1ff0f10 code [0x0000020fd1ff10a0, 0x0000020fd1ff1238]
Event: 38.719 Thread 0x0000020fe78a6870 6535       3       jdk.internal.loader.URLClassPath$3::run (5 bytes)
Event: 38.719 Thread 0x0000020fe78a6870 nmethod 6535 0x0000020fd1ff1310 code [0x0000020fd1ff14c0, 0x0000020fd1ff1608]
Event: 38.719 Thread 0x0000020fe78a6870 6536       3       jdk.internal.loader.URLClassPath$3::run (172 bytes)
Event: 38.721 Thread 0x0000020fe78a6870 nmethod 6536 0x0000020fd1ff1690 code [0x0000020fd1ff19a0, 0x0000020fd1ff2b08]
Event: 38.721 Thread 0x0000020fe78a6870 6538   !   3       jdk.internal.loader.URLClassPath$JarLoader$1::run (175 bytes)
Event: 38.723 Thread 0x0000020fe78a6870 nmethod 6538 0x0000020fd1ff3190 code [0x0000020fd1ff33c0, 0x0000020fd1ff3ab8]
Event: 38.723 Thread 0x0000020fe78a6870 6537       3       jdk.internal.loader.URLClassPath$JarLoader::<init> (67 bytes)
Event: 38.724 Thread 0x0000020fe78a6870 nmethod 6537 0x0000020fd1ff3f10 code [0x0000020fd1ff4180, 0x0000020fd1ff4c18]
Event: 38.810 Thread 0x0000020fe78a6870 6539       3       java.util.jar.JavaUtilJarAccessImpl::jarFileHasClassPathAttribute (5 bytes)
Event: 38.811 Thread 0x0000020fe78a6870 nmethod 6539 0x0000020fd1ff5090 code [0x0000020fd1ff5240, 0x0000020fd1ff5468]

GC Heap History (20 events):
Event: 32.130 GC heap before
{Heap before GC invocations=17 (full 2):
 PSYoungGen      total 23040K, used 23040K [0x00000000eab00000, 0x00000000ec700000, 0x0000000100000000)
  eden space 22016K, 100% used [0x00000000eab00000,0x00000000ec080000,0x00000000ec080000)
  from space 1024K, 100% used [0x00000000ec600000,0x00000000ec700000,0x00000000ec700000)
  to   space 2560K, 0% used [0x00000000ec200000,0x00000000ec200000,0x00000000ec480000)
 ParOldGen       total 68608K, used 17349K [0x00000000c0000000, 0x00000000c4300000, 0x00000000eab00000)
  object space 68608K, 25% used [0x00000000c0000000,0x00000000c10f1658,0x00000000c4300000)
 Metaspace       used 48383K, committed 49280K, reserved 1114112K
  class space    used 5193K, committed 5632K, reserved 1048576K
}
Event: 32.135 GC heap after
{Heap after GC invocations=17 (full 2):
 PSYoungGen      total 24576K, used 1376K [0x00000000eab00000, 0x00000000ec680000, 0x0000000100000000)
  eden space 22016K, 0% used [0x00000000eab00000,0x00000000eab00000,0x00000000ec080000)
  from space 2560K, 53% used [0x00000000ec200000,0x00000000ec358000,0x00000000ec480000)
  to   space 2048K, 0% used [0x00000000ec480000,0x00000000ec480000,0x00000000ec680000)
 ParOldGen       total 68608K, used 18350K [0x00000000c0000000, 0x00000000c4300000, 0x00000000eab00000)
  object space 68608K, 26% used [0x00000000c0000000,0x00000000c11eb8a8,0x00000000c4300000)
 Metaspace       used 48383K, committed 49280K, reserved 1114112K
  class space    used 5193K, committed 5632K, reserved 1048576K
}
Event: 32.939 GC heap before
{Heap before GC invocations=18 (full 2):
 PSYoungGen      total 24576K, used 23392K [0x00000000eab00000, 0x00000000ec680000, 0x0000000100000000)
  eden space 22016K, 100% used [0x00000000eab00000,0x00000000ec080000,0x00000000ec080000)
  from space 2560K, 53% used [0x00000000ec200000,0x00000000ec358000,0x00000000ec480000)
  to   space 2048K, 0% used [0x00000000ec480000,0x00000000ec480000,0x00000000ec680000)
 ParOldGen       total 68608K, used 18350K [0x00000000c0000000, 0x00000000c4300000, 0x00000000eab00000)
  object space 68608K, 26% used [0x00000000c0000000,0x00000000c11eb8a8,0x00000000c4300000)
 Metaspace       used 50997K, committed 52032K, reserved 1114112K
  class space    used 5539K, committed 6016K, reserved 1048576K
}
Event: 32.944 GC heap after
{Heap after GC invocations=18 (full 2):
 PSYoungGen      total 24064K, used 1910K [0x00000000eab00000, 0x00000000ec680000, 0x0000000100000000)
  eden space 22016K, 0% used [0x00000000eab00000,0x00000000eab00000,0x00000000ec080000)
  from space 2048K, 93% used [0x00000000ec480000,0x00000000ec65d9b8,0x00000000ec680000)
  to   space 2048K, 0% used [0x00000000ec280000,0x00000000ec280000,0x00000000ec480000)
 ParOldGen       total 68608K, used 19646K [0x00000000c0000000, 0x00000000c4300000, 0x00000000eab00000)
  object space 68608K, 28% used [0x00000000c0000000,0x00000000c132f8a8,0x00000000c4300000)
 Metaspace       used 50997K, committed 52032K, reserved 1114112K
  class space    used 5539K, committed 6016K, reserved 1048576K
}
Event: 33.512 GC heap before
{Heap before GC invocations=19 (full 2):
 PSYoungGen      total 24064K, used 23926K [0x00000000eab00000, 0x00000000ec680000, 0x0000000100000000)
  eden space 22016K, 100% used [0x00000000eab00000,0x00000000ec080000,0x00000000ec080000)
  from space 2048K, 93% used [0x00000000ec480000,0x00000000ec65d9b8,0x00000000ec680000)
  to   space 2048K, 0% used [0x00000000ec280000,0x00000000ec280000,0x00000000ec480000)
 ParOldGen       total 68608K, used 19646K [0x00000000c0000000, 0x00000000c4300000, 0x00000000eab00000)
  object space 68608K, 28% used [0x00000000c0000000,0x00000000c132f8a8,0x00000000c4300000)
 Metaspace       used 51707K, committed 52736K, reserved 1114112K
  class space    used 5615K, committed 6080K, reserved 1048576K
}
Event: 33.519 GC heap after
{Heap after GC invocations=19 (full 2):
 PSYoungGen      total 24064K, used 1984K [0x00000000eab00000, 0x00000000ec500000, 0x0000000100000000)
  eden space 22016K, 0% used [0x00000000eab00000,0x00000000eab00000,0x00000000ec080000)
  from space 2048K, 96% used [0x00000000ec280000,0x00000000ec470040,0x00000000ec480000)
  to   space 512K, 0% used [0x00000000ec480000,0x00000000ec480000,0x00000000ec500000)
 ParOldGen       total 68608K, used 21473K [0x00000000c0000000, 0x00000000c4300000, 0x00000000eab00000)
  object space 68608K, 31% used [0x00000000c0000000,0x00000000c14f84b0,0x00000000c4300000)
 Metaspace       used 51707K, committed 52736K, reserved 1114112K
  class space    used 5615K, committed 6080K, reserved 1048576K
}
Event: 33.857 GC heap before
{Heap before GC invocations=20 (full 2):
 PSYoungGen      total 24064K, used 24000K [0x00000000eab00000, 0x00000000ec500000, 0x0000000100000000)
  eden space 22016K, 100% used [0x00000000eab00000,0x00000000ec080000,0x00000000ec080000)
  from space 2048K, 96% used [0x00000000ec280000,0x00000000ec470040,0x00000000ec480000)
  to   space 512K, 0% used [0x00000000ec480000,0x00000000ec480000,0x00000000ec500000)
 ParOldGen       total 68608K, used 21473K [0x00000000c0000000, 0x00000000c4300000, 0x00000000eab00000)
  object space 68608K, 31% used [0x00000000c0000000,0x00000000c14f84b0,0x00000000c4300000)
 Metaspace       used 51903K, committed 52928K, reserved 1114112K
  class space    used 5633K, committed 6080K, reserved 1048576K
}
Event: 33.864 GC heap after
{Heap after GC invocations=20 (full 2):
 PSYoungGen      total 22016K, used 512K [0x00000000eab00000, 0x00000000ec980000, 0x0000000100000000)
  eden space 21504K, 0% used [0x00000000eab00000,0x00000000eab00000,0x00000000ec000000)
  from space 512K, 100% used [0x00000000ec480000,0x00000000ec500000,0x00000000ec500000)
  to   space 4608K, 0% used [0x00000000ec000000,0x00000000ec000000,0x00000000ec480000)
 ParOldGen       total 68608K, used 24862K [0x00000000c0000000, 0x00000000c4300000, 0x00000000eab00000)
  object space 68608K, 36% used [0x00000000c0000000,0x00000000c1847858,0x00000000c4300000)
 Metaspace       used 51903K, committed 52928K, reserved 1114112K
  class space    used 5633K, committed 6080K, reserved 1048576K
}
Event: 34.040 GC heap before
{Heap before GC invocations=21 (full 2):
 PSYoungGen      total 22016K, used 22016K [0x00000000eab00000, 0x00000000ec980000, 0x0000000100000000)
  eden space 21504K, 100% used [0x00000000eab00000,0x00000000ec000000,0x00000000ec000000)
  from space 512K, 100% used [0x00000000ec480000,0x00000000ec500000,0x00000000ec500000)
  to   space 4608K, 0% used [0x00000000ec000000,0x00000000ec000000,0x00000000ec480000)
 ParOldGen       total 68608K, used 24862K [0x00000000c0000000, 0x00000000c4300000, 0x00000000eab00000)
  object space 68608K, 36% used [0x00000000c0000000,0x00000000c1847858,0x00000000c4300000)
 Metaspace       used 51961K, committed 52928K, reserved 1114112K
  class space    used 5644K, committed 6080K, reserved 1048576K
}
Event: 34.048 GC heap after
{Heap after GC invocations=21 (full 2):
 PSYoungGen      total 24064K, used 2112K [0x00000000eab00000, 0x00000000ec600000, 0x0000000100000000)
  eden space 21504K, 0% used [0x00000000eab00000,0x00000000eab00000,0x00000000ec000000)
  from space 2560K, 82% used [0x00000000ec000000,0x00000000ec210010,0x00000000ec280000)
  to   space 3072K, 0% used [0x00000000ec300000,0x00000000ec300000,0x00000000ec600000)
 ParOldGen       total 68608K, used 25382K [0x00000000c0000000, 0x00000000c4300000, 0x00000000eab00000)
  object space 68608K, 36% used [0x00000000c0000000,0x00000000c18c9858,0x00000000c4300000)
 Metaspace       used 51961K, committed 52928K, reserved 1114112K
  class space    used 5644K, committed 6080K, reserved 1048576K
}
Event: 34.315 GC heap before
{Heap before GC invocations=22 (full 2):
 PSYoungGen      total 24064K, used 23616K [0x00000000eab00000, 0x00000000ec600000, 0x0000000100000000)
  eden space 21504K, 100% used [0x00000000eab00000,0x00000000ec000000,0x00000000ec000000)
  from space 2560K, 82% used [0x00000000ec000000,0x00000000ec210010,0x00000000ec280000)
  to   space 3072K, 0% used [0x00000000ec300000,0x00000000ec300000,0x00000000ec600000)
 ParOldGen       total 68608K, used 25382K [0x00000000c0000000, 0x00000000c4300000, 0x00000000eab00000)
  object space 68608K, 36% used [0x00000000c0000000,0x00000000c18c9858,0x00000000c4300000)
 Metaspace       used 51961K, committed 52928K, reserved 1114112K
  class space    used 5644K, committed 6080K, reserved 1048576K
}
Event: 34.321 GC heap after
{Heap after GC invocations=22 (full 2):
 PSYoungGen      total 24064K, used 2240K [0x00000000eab00000, 0x00000000ec580000, 0x0000000100000000)
  eden space 21504K, 0% used [0x00000000eab00000,0x00000000eab00000,0x00000000ec000000)
  from space 2560K, 87% used [0x00000000ec300000,0x00000000ec530000,0x00000000ec580000)
  to   space 2560K, 0% used [0x00000000ec000000,0x00000000ec000000,0x00000000ec280000)
 ParOldGen       total 68608K, used 27446K [0x00000000c0000000, 0x00000000c4300000, 0x00000000eab00000)
  object space 68608K, 40% used [0x00000000c0000000,0x00000000c1acd9c0,0x00000000c4300000)
 Metaspace       used 51961K, committed 52928K, reserved 1114112K
  class space    used 5644K, committed 6080K, reserved 1048576K
}
Event: 34.460 GC heap before
{Heap before GC invocations=23 (full 2):
 PSYoungGen      total 24064K, used 23744K [0x00000000eab00000, 0x00000000ec580000, 0x0000000100000000)
  eden space 21504K, 100% used [0x00000000eab00000,0x00000000ec000000,0x00000000ec000000)
  from space 2560K, 87% used [0x00000000ec300000,0x00000000ec530000,0x00000000ec580000)
  to   space 2560K, 0% used [0x00000000ec000000,0x00000000ec000000,0x00000000ec280000)
 ParOldGen       total 68608K, used 27446K [0x00000000c0000000, 0x00000000c4300000, 0x00000000eab00000)
  object space 68608K, 40% used [0x00000000c0000000,0x00000000c1acd9c0,0x00000000c4300000)
 Metaspace       used 51962K, committed 52928K, reserved 1114112K
  class space    used 5644K, committed 6080K, reserved 1048576K
}
Event: 34.467 GC heap after
{Heap after GC invocations=23 (full 2):
 PSYoungGen      total 24064K, used 2336K [0x00000000eab00000, 0x00000000ec500000, 0x0000000100000000)
  eden space 21504K, 0% used [0x00000000eab00000,0x00000000eab00000,0x00000000ec000000)
  from space 2560K, 91% used [0x00000000ec000000,0x00000000ec248010,0x00000000ec280000)
  to   space 2560K, 0% used [0x00000000ec280000,0x00000000ec280000,0x00000000ec500000)
 ParOldGen       total 68608K, used 29654K [0x00000000c0000000, 0x00000000c4300000, 0x00000000eab00000)
  object space 68608K, 43% used [0x00000000c0000000,0x00000000c1cf59c0,0x00000000c4300000)
 Metaspace       used 51962K, committed 52928K, reserved 1114112K
  class space    used 5644K, committed 6080K, reserved 1048576K
}
Event: 35.262 GC heap before
{Heap before GC invocations=24 (full 2):
 PSYoungGen      total 24064K, used 23840K [0x00000000eab00000, 0x00000000ec500000, 0x0000000100000000)
  eden space 21504K, 100% used [0x00000000eab00000,0x00000000ec000000,0x00000000ec000000)
  from space 2560K, 91% used [0x00000000ec000000,0x00000000ec248010,0x00000000ec280000)
  to   space 2560K, 0% used [0x00000000ec280000,0x00000000ec280000,0x00000000ec500000)
 ParOldGen       total 68608K, used 29654K [0x00000000c0000000, 0x00000000c4300000, 0x00000000eab00000)
  object space 68608K, 43% used [0x00000000c0000000,0x00000000c1cf59c0,0x00000000c4300000)
 Metaspace       used 53003K, committed 54016K, reserved 1114112K
  class space    used 5791K, committed 6208K, reserved 1048576K
}
Event: 35.269 GC heap after
{Heap after GC invocations=24 (full 2):
 PSYoungGen      total 24064K, used 2048K [0x00000000eab00000, 0x00000000ec500000, 0x0000000100000000)
  eden space 21504K, 0% used [0x00000000eab00000,0x00000000eab00000,0x00000000ec000000)
  from space 2560K, 80% used [0x00000000ec280000,0x00000000ec480000,0x00000000ec500000)
  to   space 2560K, 0% used [0x00000000ec000000,0x00000000ec000000,0x00000000ec280000)
 ParOldGen       total 68608K, used 31942K [0x00000000c0000000, 0x00000000c4300000, 0x00000000eab00000)
  object space 68608K, 46% used [0x00000000c0000000,0x00000000c1f319d0,0x00000000c4300000)
 Metaspace       used 53003K, committed 54016K, reserved 1114112K
  class space    used 5791K, committed 6208K, reserved 1048576K
}
Event: 36.663 GC heap before
{Heap before GC invocations=25 (full 2):
 PSYoungGen      total 24064K, used 23552K [0x00000000eab00000, 0x00000000ec500000, 0x0000000100000000)
  eden space 21504K, 100% used [0x00000000eab00000,0x00000000ec000000,0x00000000ec000000)
  from space 2560K, 80% used [0x00000000ec280000,0x00000000ec480000,0x00000000ec500000)
  to   space 2560K, 0% used [0x00000000ec000000,0x00000000ec000000,0x00000000ec280000)
 ParOldGen       total 68608K, used 31942K [0x00000000c0000000, 0x00000000c4300000, 0x00000000eab00000)
  object space 68608K, 46% used [0x00000000c0000000,0x00000000c1f319d0,0x00000000c4300000)
 Metaspace       used 54332K, committed 55360K, reserved 1114112K
  class space    used 6028K, committed 6464K, reserved 1048576K
}
Event: 36.671 GC heap after
{Heap after GC invocations=25 (full 2):
 PSYoungGen      total 24064K, used 2528K [0x00000000eab00000, 0x00000000ec500000, 0x0000000100000000)
  eden space 21504K, 0% used [0x00000000eab00000,0x00000000eab00000,0x00000000ec000000)
  from space 2560K, 98% used [0x00000000ec000000,0x00000000ec278020,0x00000000ec280000)
  to   space 2560K, 0% used [0x00000000ec280000,0x00000000ec280000,0x00000000ec500000)
 ParOldGen       total 68608K, used 39149K [0x00000000c0000000, 0x00000000c4300000, 0x00000000eab00000)
  object space 68608K, 57% used [0x00000000c0000000,0x00000000c263b4a8,0x00000000c4300000)
 Metaspace       used 54332K, committed 55360K, reserved 1114112K
  class space    used 6028K, committed 6464K, reserved 1048576K
}
Event: 38.115 GC heap before
{Heap before GC invocations=26 (full 2):
 PSYoungGen      total 24064K, used 24032K [0x00000000eab00000, 0x00000000ec500000, 0x0000000100000000)
  eden space 21504K, 100% used [0x00000000eab00000,0x00000000ec000000,0x00000000ec000000)
  from space 2560K, 98% used [0x00000000ec000000,0x00000000ec278020,0x00000000ec280000)
  to   space 2560K, 0% used [0x00000000ec280000,0x00000000ec280000,0x00000000ec500000)
 ParOldGen       total 68608K, used 39149K [0x00000000c0000000, 0x00000000c4300000, 0x00000000eab00000)
  object space 68608K, 57% used [0x00000000c0000000,0x00000000c263b4a8,0x00000000c4300000)
 Metaspace       used 55491K, committed 56512K, reserved 1114112K
  class space    used 6207K, committed 6656K, reserved 1048576K
}
Event: 38.119 GC heap after
{Heap after GC invocations=26 (full 2):
 PSYoungGen      total 24064K, used 800K [0x00000000eab00000, 0x00000000ec500000, 0x0000000100000000)
  eden space 21504K, 0% used [0x00000000eab00000,0x00000000eab00000,0x00000000ec000000)
  from space 2560K, 31% used [0x00000000ec280000,0x00000000ec348000,0x00000000ec500000)
  to   space 2560K, 0% used [0x00000000ec000000,0x00000000ec000000,0x00000000ec280000)
 ParOldGen       total 68608K, used 41657K [0x00000000c0000000, 0x00000000c4300000, 0x00000000eab00000)
  object space 68608K, 60% used [0x00000000c0000000,0x00000000c28ae6c8,0x00000000c4300000)
 Metaspace       used 55491K, committed 56512K, reserved 1114112K
  class space    used 6207K, committed 6656K, reserved 1048576K
}

Dll operation events (11 events):
Event: 0.016 Loaded shared library c:\Users\rsssa\.vscode\extensions\redhat.java-1.28.1-win32-x64\jre\17.0.10-win32-x86_64\bin\java.dll
Event: 1.272 Loaded shared library c:\Users\rsssa\.vscode\extensions\redhat.java-1.28.1-win32-x64\jre\17.0.10-win32-x86_64\bin\zip.dll
Event: 1.277 Loaded shared library C:\Users\rsssa\.vscode\extensions\redhat.java-1.28.1-win32-x64\jre\17.0.10-win32-x86_64\bin\instrument.dll
Event: 1.449 Loaded shared library C:\Users\rsssa\.vscode\extensions\redhat.java-1.28.1-win32-x64\jre\17.0.10-win32-x86_64\bin\net.dll
Event: 1.458 Loaded shared library C:\Users\rsssa\.vscode\extensions\redhat.java-1.28.1-win32-x64\jre\17.0.10-win32-x86_64\bin\nio.dll
Event: 1.578 Loaded shared library C:\Users\rsssa\.vscode\extensions\redhat.java-1.28.1-win32-x64\jre\17.0.10-win32-x86_64\bin\zip.dll
Event: 1.724 Loaded shared library C:\Users\rsssa\.vscode\extensions\redhat.java-1.28.1-win32-x64\jre\17.0.10-win32-x86_64\bin\jimage.dll
Event: 2.256 Loaded shared library c:\Users\rsssa\.vscode\extensions\redhat.java-1.28.1-win32-x64\jre\17.0.10-win32-x86_64\bin\verify.dll
Event: 8.253 Loaded shared library C:\Users\rsssa\AppData\Roaming\Code\User\globalStorage\redhat.java\1.28.1\config_win\org.eclipse.equinox.launcher\org.eclipse.equinox.launcher.win32.win32.x86_64_1.2.900.v20240129-1338\eclipse_11900.dll
Event: 24.924 Loaded shared library C:\Users\rsssa\AppData\Local\Temp\jna-108821536\jna11017790816587741097.dll
Event: 36.744 Loaded shared library C:\Users\rsssa\.gradle\native\68d5fa5c4cc2d200863cafc0d521ce42e7d3e7ee720ec0a83991735586a16f82\windows-amd64\native-platform.dll

Deoptimization events (20 events):
Event: 37.639 Thread 0x0000020fe8ae60a0 DEOPT PACKING pc=0x0000020fd903c3c8 sp=0x0000003c38afcb70
Event: 37.639 Thread 0x0000020fe8ae60a0 DEOPT UNPACKING pc=0x0000020fd8a266a3 sp=0x0000003c38afcaf8 mode 2
Event: 37.764 Thread 0x0000020fe8ae60a0 DEOPT PACKING pc=0x0000020fd179b6b2 sp=0x0000003c38afca70
Event: 37.764 Thread 0x0000020fe8ae60a0 DEOPT UNPACKING pc=0x0000020fd8a26e43 sp=0x0000003c38afbf38 mode 0
Event: 37.885 Thread 0x0000020fe8ae60a0 DEOPT PACKING pc=0x0000020fd1b2e021 sp=0x0000003c38afc9b0
Event: 37.885 Thread 0x0000020fe8ae60a0 DEOPT UNPACKING pc=0x0000020fd8a26e43 sp=0x0000003c38afbe68 mode 0
Event: 38.447 Thread 0x0000020fe8ae60a0 DEOPT PACKING pc=0x0000020fd1baf61e sp=0x0000003c38afcae0
Event: 38.447 Thread 0x0000020fe8ae60a0 DEOPT UNPACKING pc=0x0000020fd8a26e43 sp=0x0000003c38afbfd0 mode 0
Event: 38.582 Thread 0x0000020fe8ae60a0 Uncommon trap: trap_request=0xffffff6e fr.pc=0x0000020fd9234a08 relative=0x00000000000009a8
Event: 38.582 Thread 0x0000020fe8ae60a0 Uncommon trap: reason=loop_limit_check action=maybe_recompile pc=0x0000020fd9234a08 method=java.util.jar.JarFile.match([B[B[B[B)I @ 18 c2
Event: 38.582 Thread 0x0000020fe8ae60a0 DEOPT PACKING pc=0x0000020fd9234a08 sp=0x0000003c38afc570
Event: 38.582 Thread 0x0000020fe8ae60a0 DEOPT UNPACKING pc=0x0000020fd8a266a3 sp=0x0000003c38afc468 mode 2
Event: 38.632 Thread 0x0000020fe8ae60a0 DEOPT PACKING pc=0x0000020fd1806ebd sp=0x0000003c38afc0d0
Event: 38.633 Thread 0x0000020fe8ae60a0 DEOPT UNPACKING pc=0x0000020fd8a26e43 sp=0x0000003c38afb558 mode 0
Event: 38.707 Thread 0x0000020fe8ae60a0 DEOPT PACKING pc=0x0000020fd1c51534 sp=0x0000003c38afc4a0
Event: 38.707 Thread 0x0000020fe8ae60a0 DEOPT UNPACKING pc=0x0000020fd8a26e43 sp=0x0000003c38afb910 mode 0
Event: 38.795 Thread 0x0000020fe8ae60a0 Uncommon trap: trap_request=0x00000054 fr.pc=0x0000020fd9241440 relative=0x0000000000000180
Event: 38.795 Thread 0x0000020fe8ae60a0 Uncommon trap: reason=unloaded action=reinterpret pc=0x0000020fd9241440 method=java.security.AccessController.wrapException(Ljava/lang/Exception;)Ljava/security/PrivilegedActionException; @ 0 c2
Event: 38.795 Thread 0x0000020fe8ae60a0 DEOPT PACKING pc=0x0000020fd9241440 sp=0x0000003c38afc740
Event: 38.795 Thread 0x0000020fe8ae60a0 DEOPT UNPACKING pc=0x0000020fd8a266a3 sp=0x0000003c38afc600 mode 2

Classes unloaded (7 events):
Event: 21.343 Thread 0x0000020fe2636690 Unloading class 0x0000000100250400 'java/lang/invoke/LambdaForm$MH+0x0000000100250400'
Event: 21.343 Thread 0x0000020fe2636690 Unloading class 0x0000000100250000 'java/lang/invoke/LambdaForm$MH+0x0000000100250000'
Event: 21.343 Thread 0x0000020fe2636690 Unloading class 0x000000010024bc00 'java/lang/invoke/LambdaForm$MH+0x000000010024bc00'
Event: 21.343 Thread 0x0000020fe2636690 Unloading class 0x000000010024b800 'java/lang/invoke/LambdaForm$MH+0x000000010024b800'
Event: 21.343 Thread 0x0000020fe2636690 Unloading class 0x000000010024b400 'java/lang/invoke/LambdaForm$BMH+0x000000010024b400'
Event: 21.343 Thread 0x0000020fe2636690 Unloading class 0x000000010024b000 'java/lang/invoke/LambdaForm$DMH+0x000000010024b000'
Event: 21.344 Thread 0x0000020fe2636690 Unloading class 0x0000000100248400 'java/lang/invoke/LambdaForm$DMH+0x0000000100248400'

Classes redefined (0 events):
No events

Internal exceptions (20 events):
Event: 34.920 Thread 0x0000020fe7de84a0 Exception <a 'sun/nio/fs/WindowsException'{0x00000000eb8f0f80}> (0x00000000eb8f0f80) 
thrown [s\src\hotspot\share\prims\jni.cpp, line 516]
Event: 34.920 Thread 0x0000020fe7de84a0 Exception <a 'sun/nio/fs/WindowsException'{0x00000000eb8f1520}> (0x00000000eb8f1520) 
thrown [s\src\hotspot\share\prims\jni.cpp, line 516]
Event: 34.920 Thread 0x0000020fe7de84a0 Exception <a 'sun/nio/fs/WindowsException'{0x00000000eb8f1ad0}> (0x00000000eb8f1ad0) 
thrown [s\src\hotspot\share\prims\jni.cpp, line 516]
Event: 34.920 Thread 0x0000020fe7de84a0 Exception <a 'sun/nio/fs/WindowsException'{0x00000000eb8f2090}> (0x00000000eb8f2090) 
thrown [s\src\hotspot\share\prims\jni.cpp, line 516]
Event: 34.921 Thread 0x0000020fe7de84a0 Exception <a 'sun/nio/fs/WindowsException'{0x00000000eb8f7278}> (0x00000000eb8f7278) 
thrown [s\src\hotspot\share\prims\jni.cpp, line 516]
Event: 34.922 Thread 0x0000020fe7de84a0 Exception <a 'sun/nio/fs/WindowsException'{0x00000000eb8f7828}> (0x00000000eb8f7828) 
thrown [s\src\hotspot\share\prims\jni.cpp, line 516]
Event: 34.922 Thread 0x0000020fe7de84a0 Exception <a 'sun/nio/fs/WindowsException'{0x00000000eb8f7dd8}> (0x00000000eb8f7dd8) 
thrown [s\src\hotspot\share\prims\jni.cpp, line 516]
Event: 34.922 Thread 0x0000020fe7de84a0 Exception <a 'sun/nio/fs/WindowsException'{0x00000000eb8f83a0}> (0x00000000eb8f83a0) 
thrown [s\src\hotspot\share\prims\jni.cpp, line 516]
Event: 34.923 Thread 0x0000020fe7de84a0 Exception <a 'sun/nio/fs/WindowsException'{0x00000000eb9690e0}> (0x00000000eb9690e0) 
thrown [s\src\hotspot\share\prims\jni.cpp, line 516]
Event: 34.923 Thread 0x0000020fe7de84a0 Exception <a 'sun/nio/fs/WindowsException'{0x00000000eb9696a8}> (0x00000000eb9696a8) 
thrown [s\src\hotspot\share\prims\jni.cpp, line 516]
Event: 34.923 Thread 0x0000020fe7de84a0 Exception <a 'sun/nio/fs/WindowsException'{0x00000000eb969c70}> (0x00000000eb969c70) 
thrown [s\src\hotspot\share\prims\jni.cpp, line 516]
Event: 34.923 Thread 0x0000020fe7de84a0 Exception <a 'sun/nio/fs/WindowsException'{0x00000000eb96a250}> (0x00000000eb96a250) 
thrown [s\src\hotspot\share\prims\jni.cpp, line 516]
Event: 34.924 Thread 0x0000020fe7de84a0 Exception <a 'sun/nio/fs/WindowsException'{0x00000000eb96f488}> (0x00000000eb96f488) 
thrown [s\src\hotspot\share\prims\jni.cpp, line 516]
Event: 34.924 Thread 0x0000020fe7de84a0 Exception <a 'sun/nio/fs/WindowsException'{0x00000000eb96fa28}> (0x00000000eb96fa28) 
thrown [s\src\hotspot\share\prims\jni.cpp, line 516]
Event: 34.924 Thread 0x0000020fe7de84a0 Exception <a 'sun/nio/fs/WindowsException'{0x00000000eb96ffc8}> (0x00000000eb96ffc8) 
thrown [s\src\hotspot\share\prims\jni.cpp, line 516]
Event: 34.924 Thread 0x0000020fe7de84a0 Exception <a 'sun/nio/fs/WindowsException'{0x00000000eb970588}> (0x00000000eb970588) 
thrown [s\src\hotspot\share\prims\jni.cpp, line 516]
Event: 34.939 Thread 0x0000020fe7de84a0 Exception <a 'sun/nio/fs/WindowsException'{0x00000000eb9c2710}> (0x00000000eb9c2710) 
thrown [s\src\hotspot\share\prims\jni.cpp, line 516]
Event: 34.939 Thread 0x0000020fe7de84a0 Exception <a 'sun/nio/fs/WindowsException'{0x00000000eb9c29b0}> (0x00000000eb9c29b0) 
thrown [s\src\hotspot\share\prims\jni.cpp, line 516]
Event: 36.673 Thread 0x0000020fe8ae60a0 Exception <a 'java/lang/NoSuchMethodError'{0x00000000eab0add0}: 'java.lang.Object java.lang.invoke.DirectMethodHandle$Holder.invokeVirtual(java.lang.Object, java.lang.Object, java.lang.Object, java.lang.Object, java.lang.Object, java.lang.Object, java.lang.Object)'> (0x00000000eab0add0) 
thrown [s\src\hotspot\share\interpreter\linkResolver.cpp, line 759]
Event: 36.677 Thread 0x0000020fe8ae60a0 Exception <a 'java/lang/NoSuchMethodError'{0x00000000eab23f00}: 'java.lang.Object java.lang.invoke.Invokers$Holder.invoker(java.lang.Object, java.lang.Object, java.lang.Object)'> (0x00000000eab23f00) 
thrown [s\src\hotspot\share\interpreter\linkResolver.cpp, line 759]

VM Operations (20 events):
Event: 34.040 Executing VM operation: ParallelGCFailedAllocation
Event: 34.048 Executing VM operation: ParallelGCFailedAllocation done
Event: 34.315 Executing VM operation: ParallelGCFailedAllocation
Event: 34.321 Executing VM operation: ParallelGCFailedAllocation done
Event: 34.460 Executing VM operation: ParallelGCFailedAllocation
Event: 34.467 Executing VM operation: ParallelGCFailedAllocation done
Event: 35.262 Executing VM operation: ParallelGCFailedAllocation
Event: 35.269 Executing VM operation: ParallelGCFailedAllocation done
Event: 35.387 Executing VM operation: HandshakeAllThreads
Event: 35.387 Executing VM operation: HandshakeAllThreads done
Event: 36.391 Executing VM operation: Cleanup
Event: 36.391 Executing VM operation: Cleanup done
Event: 36.662 Executing VM operation: ParallelGCFailedAllocation
Event: 36.671 Executing VM operation: ParallelGCFailedAllocation done
Event: 37.671 Executing VM operation: Cleanup
Event: 37.672 Executing VM operation: Cleanup done
Event: 38.115 Executing VM operation: ParallelGCFailedAllocation
Event: 38.119 Executing VM operation: ParallelGCFailedAllocation done
Event: 38.796 Executing VM operation: HandshakeAllThreads
Event: 38.796 Executing VM operation: HandshakeAllThreads done

Events (20 events):
Event: 34.934 loading class java/nio/file/FileChannelLinesSpliterator
Event: 34.935 loading class java/nio/file/FileChannelLinesSpliterator done
Event: 34.936 loading class java/util/stream/Streams$1
Event: 34.937 loading class java/util/stream/Streams$1 done
Event: 34.937 loading class java/nio/file/FileChannelLinesSpliterator$1
Event: 34.938 loading class java/nio/file/FileChannelLinesSpliterator$1 done
Event: 35.072 Thread 0x0000020fe8ae5170 Thread added: 0x0000020fe8ae5170
Event: 35.134 loading class java/util/concurrent/CopyOnWriteArraySet
Event: 35.135 loading class java/util/concurrent/CopyOnWriteArraySet done
Event: 35.156 loading class java/io/FileFilter
Event: 35.156 loading class java/io/FileFilter done
Event: 35.235 loading class java/util/concurrent/ArrayBlockingQueue
Event: 35.236 loading class java/util/concurrent/ArrayBlockingQueue done
Event: 35.290 Thread 0x0000020fe8ae60a0 Thread added: 0x0000020fe8ae60a0
Event: 35.395 loading class java/util/concurrent/ConcurrentHashMap$ValueSpliterator
Event: 35.396 loading class java/util/concurrent/ConcurrentHashMap$ValueSpliterator done
Event: 35.398 loading class jdk/internal/loader/BootLoader$PackageHelper
Event: 35.399 loading class jdk/internal/loader/BootLoader$PackageHelper done
Event: 37.125 loading class java/io/DataOutputStream
Event: 37.126 loading class java/io/DataOutputStream done


Dynamic libraries:
0x00007ff686270000 - 0x00007ff68627e000 	c:\Users\rsssa\.vscode\extensions\redhat.java-1.28.1-win32-x64\jre\17.0.10-win32-x86_64\bin\java.exe
0x00007ffd14a70000 - 0x00007ffd14c68000 	C:\WINDOWS\SYSTEM32\ntdll.dll
0x00007ffd14970000 - 0x00007ffd14a2d000 	C:\WINDOWS\System32\KERNEL32.DLL
0x00007ffd12130000 - 0x00007ffd12426000 	C:\WINDOWS\System32\KERNELBASE.dll
0x00007ffd12920000 - 0x00007ffd12a20000 	C:\WINDOWS\System32\ucrtbase.dll
0x00007ffd0d2c0000 - 0x00007ffd0d2d7000 	c:\Users\rsssa\.vscode\extensions\redhat.java-1.28.1-win32-x64\jre\17.0.10-win32-x86_64\bin\jli.dll
0x00007ffd14380000 - 0x00007ffd1451e000 	C:\WINDOWS\System32\USER32.dll
0x00007ffd12430000 - 0x00007ffd12452000 	C:\WINDOWS\System32\win32u.dll
0x00007ffd14880000 - 0x00007ffd148ab000 	C:\WINDOWS\System32\GDI32.dll
0x00007ffd124d0000 - 0x00007ffd125e7000 	C:\WINDOWS\System32\gdi32full.dll
0x00007ffd12750000 - 0x00007ffd127ed000 	C:\WINDOWS\System32\msvcp_win.dll
0x00007ffd0a400000 - 0x00007ffd0a41b000 	c:\Users\rsssa\.vscode\extensions\redhat.java-1.28.1-win32-x64\jre\17.0.10-win32-x86_64\bin\VCRUNTIME140.dll
0x00007ffcf0570000 - 0x00007ffcf080a000 	C:\WINDOWS\WinSxS\amd64_microsoft.windows.common-controls_6595b64144ccf1df_6.0.19041.3636_none_60b6a03d71f818d5\COMCTL32.dll
0x00007ffd142d0000 - 0x00007ffd1436e000 	C:\WINDOWS\System32\msvcrt.dll
0x00007ffd14210000 - 0x00007ffd14242000 	C:\WINDOWS\System32\IMM32.DLL
0x00007ffd0d2f0000 - 0x00007ffd0d2fc000 	c:\Users\rsssa\.vscode\extensions\redhat.java-1.28.1-win32-x64\jre\17.0.10-win32-x86_64\bin\vcruntime140_1.dll
0x00007ffcc6aa0000 - 0x00007ffcc6b2d000 	c:\Users\rsssa\.vscode\extensions\redhat.java-1.28.1-win32-x64\jre\17.0.10-win32-x86_64\bin\msvcp140.dll
0x00007ffc88330000 - 0x00007ffc88f92000 	c:\Users\rsssa\.vscode\extensions\redhat.java-1.28.1-win32-x64\jre\17.0.10-win32-x86_64\bin\server\jvm.dll
0x00007ffd148b0000 - 0x00007ffd14963000 	C:\WINDOWS\System32\ADVAPI32.dll
0x00007ffd13290000 - 0x00007ffd1332f000 	C:\WINDOWS\System32\sechost.dll
0x00007ffd146d0000 - 0x00007ffd147f6000 	C:\WINDOWS\System32\RPCRT4.dll
0x00007ffd128f0000 - 0x00007ffd12917000 	C:\WINDOWS\System32\bcrypt.dll
0x00007ffd11f90000 - 0x00007ffd11fdb000 	C:\WINDOWS\SYSTEM32\POWRPROF.dll
0x00007ffcf5220000 - 0x00007ffcf5229000 	C:\WINDOWS\SYSTEM32\WSOCK32.dll
0x00007ffd13810000 - 0x00007ffd1387b000 	C:\WINDOWS\System32\WS2_32.dll
0x00007ffcf4ad0000 - 0x00007ffcf4af7000 	C:\WINDOWS\SYSTEM32\WINMM.dll
0x00007ffd08780000 - 0x00007ffd0878a000 	C:\WINDOWS\SYSTEM32\VERSION.dll
0x00007ffd11f70000 - 0x00007ffd11f82000 	C:\WINDOWS\SYSTEM32\UMPDC.dll
0x00007ffd10970000 - 0x00007ffd10982000 	C:\WINDOWS\SYSTEM32\kernel.appcore.dll
0x00007ffd0b850000 - 0x00007ffd0b85a000 	c:\Users\rsssa\.vscode\extensions\redhat.java-1.28.1-win32-x64\jre\17.0.10-win32-x86_64\bin\jimage.dll
0x00007ffd10690000 - 0x00007ffd10874000 	C:\WINDOWS\SYSTEM32\DBGHELP.DLL
0x00007ffcfd880000 - 0x00007ffcfd8b4000 	C:\WINDOWS\SYSTEM32\dbgcore.DLL
0x00007ffd12a20000 - 0x00007ffd12aa2000 	C:\WINDOWS\System32\bcryptPrimitives.dll
0x00007ffd0afb0000 - 0x00007ffd0afbe000 	c:\Users\rsssa\.vscode\extensions\redhat.java-1.28.1-win32-x64\jre\17.0.10-win32-x86_64\bin\instrument.dll
0x00007ffcd8590000 - 0x00007ffcd85b5000 	c:\Users\rsssa\.vscode\extensions\redhat.java-1.28.1-win32-x64\jre\17.0.10-win32-x86_64\bin\java.dll
0x00007ffd0a320000 - 0x00007ffd0a338000 	c:\Users\rsssa\.vscode\extensions\redhat.java-1.28.1-win32-x64\jre\17.0.10-win32-x86_64\bin\zip.dll
0x00007ffd13910000 - 0x00007ffd14055000 	C:\WINDOWS\System32\SHELL32.dll
0x00007ffd0fe20000 - 0x00007ffd105bc000 	C:\WINDOWS\SYSTEM32\windows.storage.dll
0x00007ffd13450000 - 0x00007ffd137a4000 	C:\WINDOWS\System32\combase.dll
0x00007ffd11a90000 - 0x00007ffd11abe000 	C:\WINDOWS\SYSTEM32\Wldp.dll
0x00007ffd13110000 - 0x00007ffd131dd000 	C:\WINDOWS\System32\OLEAUT32.dll
0x00007ffd13000000 - 0x00007ffd130ad000 	C:\WINDOWS\System32\SHCORE.dll
0x00007ffd14060000 - 0x00007ffd140b5000 	C:\WINDOWS\System32\shlwapi.dll
0x00007ffd12060000 - 0x00007ffd12085000 	C:\WINDOWS\SYSTEM32\profapi.dll
0x00007ffd093b0000 - 0x00007ffd093c9000 	C:\Users\rsssa\.vscode\extensions\redhat.java-1.28.1-win32-x64\jre\17.0.10-win32-x86_64\bin\net.dll
0x00007ffd01490000 - 0x00007ffd0159a000 	C:\WINDOWS\SYSTEM32\WINHTTP.dll
0x00007ffd117f0000 - 0x00007ffd1185a000 	C:\WINDOWS\system32\mswsock.dll
0x00007ffd08f20000 - 0x00007ffd08f36000 	C:\Users\rsssa\.vscode\extensions\redhat.java-1.28.1-win32-x64\jre\17.0.10-win32-x86_64\bin\nio.dll
0x00007ffd0a9f0000 - 0x00007ffd0aa00000 	c:\Users\rsssa\.vscode\extensions\redhat.java-1.28.1-win32-x64\jre\17.0.10-win32-x86_64\bin\verify.dll
0x00007ffccf8c0000 - 0x00007ffccf8fe000 	C:\Users\rsssa\AppData\Roaming\Code\User\globalStorage\redhat.java\1.28.1\config_win\org.eclipse.equinox.launcher\org.eclipse.equinox.launcher.win32.win32.x86_64_1.2.900.v20240129-1338\eclipse_11900.dll
0x00007ffd140e0000 - 0x00007ffd1420b000 	C:\WINDOWS\System32\ole32.dll
0x00007ffd119e0000 - 0x00007ffd119f8000 	C:\WINDOWS\SYSTEM32\CRYPTSP.dll
0x00007ffd11120000 - 0x00007ffd11154000 	C:\WINDOWS\system32\rsaenh.dll
0x00007ffd11fe0000 - 0x00007ffd1200e000 	C:\WINDOWS\SYSTEM32\USERENV.dll
0x00007ffd11a00000 - 0x00007ffd11a0c000 	C:\WINDOWS\SYSTEM32\CRYPTBASE.dll
0x00007ffd114e0000 - 0x00007ffd1151b000 	C:\WINDOWS\SYSTEM32\IPHLPAPI.DLL
0x00007ffd14260000 - 0x00007ffd14268000 	C:\WINDOWS\System32\NSI.dll
0x00007ffd02290000 - 0x00007ffd022a7000 	C:\WINDOWS\SYSTEM32\dhcpcsvc6.DLL
0x00007ffd027a0000 - 0x00007ffd027bd000 	C:\WINDOWS\SYSTEM32\dhcpcsvc.DLL
0x00007ffd11520000 - 0x00007ffd115eb000 	C:\WINDOWS\SYSTEM32\DNSAPI.dll
0x00007ffcc59d0000 - 0x00007ffcc5a15000 	C:\Users\rsssa\AppData\Local\Temp\jna-108821536\jna11017790816587741097.dll
0x00007ffd14250000 - 0x00007ffd14258000 	C:\WINDOWS\System32\PSAPI.DLL
0x00007ffcc3470000 - 0x00007ffcc3497000 	C:\Users\rsssa\.gradle\native\68d5fa5c4cc2d200863cafc0d521ce42e7d3e7ee720ec0a83991735586a16f82\windows-amd64\native-platform.dll

dbghelp: loaded successfully - version: 4.0.5 - missing functions: none
symbol engine: initialized successfully - sym options: 0x614 - pdb path: .;c:\Users\rsssa\.vscode\extensions\redhat.java-1.28.1-win32-x64\jre\17.0.10-win32-x86_64\bin;C:\WINDOWS\SYSTEM32;C:\WINDOWS\WinSxS\amd64_microsoft.windows.common-controls_6595b64144ccf1df_6.0.19041.3636_none_60b6a03d71f818d5;c:\Users\rsssa\.vscode\extensions\redhat.java-1.28.1-win32-x64\jre\17.0.10-win32-x86_64\bin\server;C:\Users\rsssa\AppData\Roaming\Code\User\globalStorage\redhat.java\1.28.1\config_win\org.eclipse.equinox.launcher\org.eclipse.equinox.launcher.win32.win32.x86_64_1.2.900.v20240129-1338;C:\Users\rsssa\AppData\Local\Temp\jna-108821536;C:\Users\rsssa\.gradle\native\68d5fa5c4cc2d200863cafc0d521ce42e7d3e7ee720ec0a83991735586a16f82\windows-amd64

VM Arguments:
jvm_args: --add-modules=ALL-SYSTEM --add-opens=java.base/java.util=ALL-UNNAMED --add-opens=java.base/java.lang=ALL-UNNAMED --add-opens=java.base/sun.nio.fs=ALL-UNNAMED -Declipse.application=org.eclipse.jdt.ls.core.id1 -Dosgi.bundles.defaultStartLevel=4 -Declipse.product=org.eclipse.jdt.ls.core.product -Djava.import.generatesMetadataFilesAtProjectRoot=false -DDetectVMInstallationsJob.disabled=true -Dfile.encoding=utf8 -XX:+UseParallelGC -XX:GCTimeRatio=4 -XX:AdaptiveSizePolicyWeight=90 -Dsun.zip.disableMemoryMapping=true -Xmx1G -Xms100m -Xlog:disable -javaagent:c:\Users\rsssa\.vscode\extensions\redhat.java-1.28.1-win32-x64\lombok\lombok-1.18.31.jar -XX:+HeapDumpOnOutOfMemoryError -XX:HeapDumpPath=c:\Users\rsssa\AppData\Roaming\Code\User\workspaceStorage\cf87f48ec094f8ee1c017ef20b3908f4\redhat.java -Daether.dependencyCollector.impl=bf 
java_command: c:\Users\rsssa\.vscode\extensions\redhat.java-1.28.1-win32-x64\server\plugins\org.eclipse.equinox.launcher_1.6.700.v20231214-2017.jar -configuration c:\Users\rsssa\AppData\Roaming\Code\User\globalStorage\redhat.java\1.28.1\config_win -data c:\Users\rsssa\AppData\Roaming\Code\User\workspaceStorage\cf87f48ec094f8ee1c017ef20b3908f4\redhat.java\jdt_ws --stdio
java_class_path (initial): c:\Users\rsssa\.vscode\extensions\redhat.java-1.28.1-win32-x64\server\plugins\org.eclipse.equinox.launcher_1.6.700.v20231214-2017.jar
Launcher Type: SUN_STANDARD

[Global flags]
    uintx AdaptiveSizePolicyWeight                 = 90                                        {product} {command line}
     intx CICompilerCount                          = 3                                         {product} {ergonomic}
    uintx GCTimeRatio                              = 4                                         {product} {command line}
     bool HeapDumpOnOutOfMemoryError               = true                                   {manageable} {command line}
    ccstr HeapDumpPath                             = c:\Users\rsssa\AppData\Roaming\Code\User\workspaceStorage\cf87f48ec094f8ee1c017ef20b3908f4\redhat.java         {manageable} {command line}
   size_t InitialHeapSize                          = 104857600                                 {product} {command line}
   size_t MaxHeapSize                              = 1073741824                                {product} {command line}
   size_t MaxNewSize                               = 357564416                                 {product} {ergonomic}
   size_t MinHeapDeltaBytes                        = 524288                                    {product} {ergonomic}
   size_t MinHeapSize                              = 104857600                                 {product} {command line}
   size_t NewSize                                  = 34603008                                  {product} {ergonomic}
    uintx NonNMethodCodeHeapSize                   = 5832780                                {pd product} {ergonomic}
    uintx NonProfiledCodeHeapSize                  = 122912730                              {pd product} {ergonomic}
   size_t OldSize                                  = 70254592                                  {product} {ergonomic}
    uintx ProfiledCodeHeapSize                     = 122912730                              {pd product} {ergonomic}
    uintx ReservedCodeCacheSize                    = 251658240                              {pd product} {ergonomic}
     bool SegmentedCodeCache                       = true                                      {product} {ergonomic}
   size_t SoftMaxHeapSize                          = 1073741824                             {manageable} {ergonomic}
     bool UseCompressedClassPointers               = true                           {product lp64_product} {ergonomic}
     bool UseCompressedOops                        = true                           {product lp64_product} {ergonomic}
     bool UseLargePagesIndividualAllocation        = false                                  {pd product} {ergonomic}
     bool UseParallelGC                            = true                                      {product} {command line}

Logging:
Log output configuration:
 #0: stdout all=off uptime,level,tags
 #1: stderr all=off uptime,level,tags

Environment Variables:
JAVA_HOME=C:\Program Files\Java\jdk-16
PATH=C:\Python311\Scripts\;C:\Python311\;C:\OracleXE\21c\dbhomeXE\bin;C:\Python310\Scripts\;C:\Python310\;C:\Program Files\Common Files\Oracle\Java\javapath;C:\Program Files (x86)\Common Files\Oracle\Java\javapath;C:\WINDOWS\system32;C:\WINDOWS;C:\WINDOWS\System32\Wbem;C:\WINDOWS\System32\WindowsPowerShell\v1.0\;C:\WINDOWS\System32\OpenSSH\;C:\TDM-GCC-64\bin;C:\Program Files (x86)\Brackets\command;C:\Program Files\Git\cmd;C:\ProgramData\chocolatey\bin;C:\Program Files\dotnet\;C:\Program Files\Java\jdk-16\bin;C:\gradle-8.1\bin;C:\Program Files\nodejs\;C:\Program Files\MySQL\MySQL Shell 8.0\bin\;C:\Users\rsssa\AppData\Local\Microsoft\WindowsApps;C:\Program Files\JetBrains\PyCharm Community Edition 2020.1.2\bin;;C:\Users\rsssa\AppData\Local\GitHubDesktop\bin;C:\Users\rsssa\.dotnet\tools;C:\Users\rsssa\AppData\Local\Programs\Microsoft VS Code\bin;C:\gradle-8.1\bin;C:\Users\rsssa\AppData\Roaming\npm;C:\jsoup\jsoup-1.17.2.jar;
USERNAME=rsssa
OS=Windows_NT
PROCESSOR_IDENTIFIER=Intel64 Family 6 Model 142 Stepping 9, GenuineIntel
TMP=C:\Users\rsssa\AppData\Local\Temp
TEMP=C:\Users\rsssa\AppData\Local\Temp



Periodic native trim disabled


---------------  S Y S T E M  ---------------

OS:
 Windows 10 , 64 bit Build 19041 (10.0.19041.3636)
OS uptime: 6 days 8:51 hours

CPU: total 4 (initial active 4) (2 cores per cpu, 2 threads per core) family 6 model 142 stepping 9 microcode 0xea, cx8, cmov, fxsr, ht, mmx, 3dnowpref, sse, sse2, sse3, ssse3, sse4.1, sse4.2, popcnt, lzcnt, tsc, tscinvbit, avx, avx2, aes, erms, clmul, bmi1, bmi2, adx, fma, vzeroupper, clflush, clflushopt
Processor Information for all 4 processors :
  Max Mhz: 2300, Current Mhz: 2300, Mhz Limit: 2300

Memory: 4k page, system-wide physical 4007M (100M free)
TotalPageFile size 16295M (AvailPageFile size 0M)
current process WorkingSet (physical memory assigned to process): 179M, peak: 190M
current process commit charge ("private bytes"): 271M, peak: 289M

vm_info: OpenJDK 64-Bit Server VM (17.0.10+7) for windows-amd64 JRE (17.0.10+7), built on Jan 16 2024 23:25:11 by "admin" with MS VC++ 16.10 / 16.11 (VS2019)

END.
