#
# There is insufficient memory for the Java Runtime Environment to continue.
# Native memory allocation (malloc) failed to allocate 1137296 bytes for Chunk::new
# Possible reasons:
#   The system is out of physical RAM or swap space
#   The process is running with CompressedOops enabled, and the Java Heap may be blocking the growth of the native heap
# Possible solutions:
#   Reduce memory load on the system
#   Increase physical memory or swap space
#   Check if swap backing store is full
#   Decrease Java heap size (-Xmx/-Xms)
#   Decrease number of Java threads
#   Decrease Java thread stack sizes (-Xss)
#   Set larger code cache with -XX:ReservedCodeCacheSize=
#   JVM is running with Unscaled Compressed Oops mode in which the Java heap is
#     placed in the first 4GB address space. The Java Heap base address is the
#     maximum limit for the native heap growth. Please use -XX:HeapBaseMinAddress
#     to set the Java Heap base and to place the Java Heap above 4GB virtual address.
# This output file may be truncated or incomplete.
#
#  Out of Memory Error (arena.cpp:191), pid=10148, tid=11536
#
# JRE version: OpenJDK Runtime Environment Temurin-17.0.10+7 (17.0.10+7) (build 17.0.10+7)
# Java VM: OpenJDK 64-Bit Server VM Temurin-17.0.10+7 (17.0.10+7, mixed mode, tiered, compressed oops, compressed class ptrs, parallel gc, windows-amd64)
# No core dump will be written. Minidumps are not enabled by default on client versions of Windows
#

---------------  S U M M A R Y ------------

Command Line: --add-modules=ALL-SYSTEM --add-opens=java.base/java.util=ALL-UNNAMED --add-opens=java.base/java.lang=ALL-UNNAMED --add-opens=java.base/sun.nio.fs=ALL-UNNAMED -Declipse.application=org.eclipse.jdt.ls.core.id1 -Dosgi.bundles.defaultStartLevel=4 -Declipse.product=org.eclipse.jdt.ls.core.product -Djava.import.generatesMetadataFilesAtProjectRoot=false -DDetectVMInstallationsJob.disabled=true -Dfile.encoding=utf8 -XX:+UseParallelGC -XX:GCTimeRatio=4 -XX:AdaptiveSizePolicyWeight=90 -Dsun.zip.disableMemoryMapping=true -Xmx1G -Xms100m -Xlog:disable -javaagent:c:\Users\rsssa\.vscode\extensions\redhat.java-1.28.1-win32-x64\lombok\lombok-1.18.31.jar c:\Users\rsssa\.vscode\extensions\redhat.java-1.28.1-win32-x64\server\plugins\org.eclipse.equinox.launcher_1.6.700.v20231214-2017.jar -configuration c:\Users\rsssa\AppData\Roaming\Code\User\globalStorage\redhat.java\1.28.1\config_ss_win -data c:\Users\rsssa\AppData\Roaming\Code\User\workspaceStorage\cf87f48ec094f8ee1c017ef20b3908f4\redhat.java\ss_ws --stdio

Host: Intel(R) Core(TM) i3-7020U CPU @ 2.30GHz, 4 cores, 3G,  Windows 10 , 64 bit Build 19041 (10.0.19041.3636)
Time: Sat Feb 24 17:28:28 2024 India Standard Time elapsed time: 32.948737 seconds (0d 0h 0m 32s)

---------------  T H R E A D  ---------------

Current thread (0x00000105a898e400):  JavaThread "C2 CompilerThread0" daemon [_thread_in_native, id=11536, stack(0x000000034c200000,0x000000034c300000)]


Current CompileTask:
C2:  32948 4137 %     4       org.lombokweb.asm.ClassReader::readCode @ 2036 (5117 bytes)

Stack: [0x000000034c200000,0x000000034c300000]
Native frames: (J=compiled Java code, j=interpreted, Vv=VM code, C=native code)
V  [jvm.dll+0x67d2c9]
V  [jvm.dll+0x834afa]
V  [jvm.dll+0x8365be]
V  [jvm.dll+0x836c23]
V  [jvm.dll+0x2477ff]
V  [jvm.dll+0xac514]
V  [jvm.dll+0xacb5c]
V  [jvm.dll+0x366782]
V  [jvm.dll+0x1bcd86]
V  [jvm.dll+0x21a049]
V  [jvm.dll+0x219311]
V  [jvm.dll+0x1a502d]
V  [jvm.dll+0x2290de]
V  [jvm.dll+0x2272ac]
V  [jvm.dll+0x7e9bb7]
V  [jvm.dll+0x7e3fba]
V  [jvm.dll+0x67c1b5]
C  [ucrtbase.dll+0x21bb2]
C  [KERNEL32.DLL+0x17344]
C  [ntdll.dll+0x526b1]


---------------  P R O C E S S  ---------------

Threads class SMR info:
_java_thread_list=0x00000105af2bbb40, length=26, elements={
0x0000010592bcf810, 0x0000010592c8e300, 0x00000105a8962f30, 0x00000105a8988030,
0x00000105a8988eb0, 0x00000105a8989d30, 0x00000105a898d710, 0x00000105a898e400,
0x00000105adbd5590, 0x00000105adbd8260, 0x00000105adc62230, 0x00000105ade7d6f0,
0x00000105ae077490, 0x00000105ae076f80, 0x00000105ae076a70, 0x00000105ae0779a0,
0x00000105ae0788d0, 0x00000105ae078de0, 0x00000105ae076050, 0x00000105ae0792f0,
0x00000105ae0783c0, 0x00000105ae5f7b70, 0x00000105ae5f4de0, 0x00000105ae5f9ee0,
0x00000105ae5f6220, 0x00000105ae5fc250
}

Java Threads: ( => current thread )
  0x0000010592bcf810 JavaThread "main" [_thread_blocked, id=19240, stack(0x000000034b900000,0x000000034ba00000)]
  0x0000010592c8e300 JavaThread "Reference Handler" daemon [_thread_blocked, id=13860, stack(0x000000034bc00000,0x000000034bd00000)]
  0x00000105a8962f30 JavaThread "Finalizer" daemon [_thread_blocked, id=11932, stack(0x000000034bd00000,0x000000034be00000)]
  0x00000105a8988030 JavaThread "Signal Dispatcher" daemon [_thread_blocked, id=7952, stack(0x000000034be00000,0x000000034bf00000)]
  0x00000105a8988eb0 JavaThread "Attach Listener" daemon [_thread_blocked, id=16596, stack(0x000000034bf00000,0x000000034c000000)]
  0x00000105a8989d30 JavaThread "Service Thread" daemon [_thread_blocked, id=17828, stack(0x000000034c000000,0x000000034c100000)]
  0x00000105a898d710 JavaThread "Monitor Deflation Thread" daemon [_thread_blocked, id=16052, stack(0x000000034c100000,0x000000034c200000)]
=>0x00000105a898e400 JavaThread "C2 CompilerThread0" daemon [_thread_in_native, id=11536, stack(0x000000034c200000,0x000000034c300000)]
  0x00000105adbd5590 JavaThread "C1 CompilerThread0" daemon [_thread_blocked, id=20288, stack(0x000000034c300000,0x000000034c400000)]
  0x00000105adbd8260 JavaThread "Sweeper thread" daemon [_thread_blocked, id=10340, stack(0x000000034c400000,0x000000034c500000)]
  0x00000105adc62230 JavaThread "Common-Cleaner" daemon [_thread_blocked, id=11128, stack(0x000000034c500000,0x000000034c600000)]
  0x00000105ade7d6f0 JavaThread "Notification Thread" daemon [_thread_blocked, id=11856, stack(0x000000034c600000,0x000000034c700000)]
  0x00000105ae077490 JavaThread "Active Thread: Equinox Container: 1cf30094-6733-48af-9308-1475df6b48b6" [_thread_blocked, id=16432, stack(0x000000034cb00000,0x000000034cc00000)]
  0x00000105ae076f80 JavaThread "Framework Event Dispatcher: Equinox Container: 1cf30094-6733-48af-9308-1475df6b48b6" daemon [_thread_blocked, id=19540, stack(0x000000034cc00000,0x000000034cd00000)]
  0x00000105ae076a70 JavaThread "Start Level: Equinox Container: 1cf30094-6733-48af-9308-1475df6b48b6" daemon [_thread_blocked, id=8272, stack(0x000000034cd00000,0x000000034ce00000)]
  0x00000105ae0779a0 JavaThread "SCR Component Actor" daemon [_thread_blocked, id=11260, stack(0x000000034ce00000,0x000000034cf00000)]
  0x00000105ae0788d0 JavaThread "Worker-JM" [_thread_blocked, id=10932, stack(0x000000034d000000,0x000000034d100000)]
  0x00000105ae078de0 JavaThread "Worker-0" [_thread_blocked, id=21112, stack(0x000000034d100000,0x000000034d200000)]
  0x00000105ae076050 JavaThread "Worker-1" [_thread_blocked, id=1224, stack(0x000000034d200000,0x000000034d300000)]
  0x00000105ae0792f0 JavaThread "JNA Cleaner" daemon [_thread_blocked, id=15540, stack(0x000000034cf00000,0x000000034d000000)]
  0x00000105ae0783c0 JavaThread "pool-2-thread-1" [_thread_blocked, id=9468, stack(0x000000034d300000,0x000000034d400000)]
  0x00000105ae5f7b70 JavaThread "WorkspaceEventsHandler" [_thread_blocked, id=18584, stack(0x000000034d400000,0x000000034d500000)]
  0x00000105ae5f4de0 JavaThread "pool-1-thread-1" [_thread_blocked, id=20596, stack(0x000000034d500000,0x000000034d600000)]
  0x00000105ae5f9ee0 JavaThread "ForkJoinPool.commonPool-worker-1" daemon [_thread_in_vm, id=16064, stack(0x000000034d600000,0x000000034d700000)]
  0x00000105ae5f6220 JavaThread "ForkJoinPool.commonPool-worker-2" daemon [_thread_blocked, id=17736, stack(0x000000034d700000,0x000000034d800000)]
  0x00000105ae5fc250 JavaThread "Worker-2" [_thread_blocked, id=10172, stack(0x000000034d800000,0x000000034d900000)]

Other Threads:
  0x00000105a894c7e0 VMThread "VM Thread" [stack: 0x000000034bb00000,0x000000034bc00000] [id=15476]
  0x00000105ade7dbd0 WatcherThread [stack: 0x000000034c700000,0x000000034c800000] [id=13600]
  0x0000010592be3290 GCTaskThread "GC Thread#0" [stack: 0x000000034ba00000,0x000000034bb00000] [id=10220]
  0x00000105ae314720 GCTaskThread "GC Thread#1" [stack: 0x000000034c800000,0x000000034c900000] [id=15588]
  0x00000105ae318f40 GCTaskThread "GC Thread#2" [stack: 0x000000034c900000,0x000000034ca00000] [id=15004]
  0x00000105ae319200 GCTaskThread "GC Thread#3" [stack: 0x000000034ca00000,0x000000034cb00000] [id=8004]

Threads with active compile tasks:
C2 CompilerThread0    33037 4137 %     4       org.lombokweb.asm.ClassReader::readCode @ 2036 (5117 bytes)

VM state: not at safepoint (normal execution)

VM Mutex/Monitor currently owned by a thread: None

Heap address: 0x00000000c0000000, size: 1024 MB, Compressed Oops mode: 32-bit

CDS archive(s) not mapped
Compressed class space mapped at: 0x0000000100000000-0x0000000140000000, reserved size: 1073741824
Narrow klass base: 0x0000000000000000, Narrow klass shift: 3, Narrow klass range: 0x140000000

GC Precious Log:
 CPUs: 4 total, 4 available
 Memory: 4007M
 Large Page Support: Disabled
 NUMA Support: Disabled
 Compressed Oops: Enabled (32-bit)
 Alignments: Space 512K, Generation 512K, Heap 2M
 Heap Min Capacity: 100M
 Heap Initial Capacity: 100M
 Heap Max Capacity: 1G
 Pre-touch: Disabled
 Parallel Workers: 4

Heap:
 PSYoungGen      total 22016K, used 12693K [0x00000000eab00000, 0x00000000ec380000, 0x0000000100000000)
  eden space 20992K, 56% used [0x00000000eab00000,0x00000000eb6879f8,0x00000000ebf80000)
  from space 1024K, 86% used [0x00000000ec280000,0x00000000ec35db78,0x00000000ec380000)
  to   space 1536K, 0% used [0x00000000ec080000,0x00000000ec080000,0x00000000ec200000)
 ParOldGen       total 68608K, used 27185K [0x00000000c0000000, 0x00000000c4300000, 0x00000000eab00000)
  object space 68608K, 39% used [0x00000000c0000000,0x00000000c1a8c6d8,0x00000000c4300000)
 Metaspace       used 41876K, committed 42624K, reserved 1114112K
  class space    used 4255K, committed 4608K, reserved 1048576K

Card table byte_map: [0x00000105a6230000,0x00000105a6440000] _byte_map_base: 0x00000105a5c30000

Marking Bits: (ParMarkBitMap*) 0x00007ffc88ecd7d0
 Begin Bits: [0x00000105a65a0000, 0x00000105a75a0000)
 End Bits:   [0x00000105a75a0000, 0x00000105a85a0000)

Polling page: 0x0000010592c90000

Metaspace:

Usage:
  Non-class:     36.74 MB used.
      Class:      4.16 MB used.
       Both:     40.90 MB used.

Virtual space:
  Non-class space:       64.00 MB reserved,      37.12 MB ( 58%) committed,  1 nodes.
      Class space:        1.00 GB reserved,       4.50 MB ( <1%) committed,  1 nodes.
             Both:        1.06 GB reserved,      41.62 MB (  4%) committed. 

Chunk freelists:
   Non-Class:  10.55 MB
       Class:  11.38 MB
        Both:  21.92 MB

MaxMetaspaceSize: unlimited
CompressedClassSpaceSize: 1.00 GB
Initial GC threshold: 21.00 MB
Current GC threshold: 58.38 MB
CDS: off
MetaspaceReclaimPolicy: balanced
 - commit_granule_bytes: 65536.
 - commit_granule_words: 8192.
 - virtual_space_node_default_size: 8388608.
 - enlarge_chunks_in_place: 1.
 - new_chunks_are_fully_committed: 0.
 - uncommit_free_chunks: 1.
 - use_allocation_guard: 0.
 - handle_deallocations: 1.


Internal statistics:

num_allocs_failed_limit: 6.
num_arena_births: 376.
num_arena_deaths: 14.
num_vsnodes_births: 2.
num_vsnodes_deaths: 0.
num_space_committed: 666.
num_space_uncommitted: 0.
num_chunks_returned_to_freelist: 20.
num_chunks_taken_from_freelist: 1720.
num_chunk_merges: 11.
num_chunk_splits: 1146.
num_chunks_enlarged: 762.
num_inconsistent_stats: 0.

CodeHeap 'non-profiled nmethods': size=120000Kb used=2129Kb max_used=2129Kb free=117870Kb
 bounds [0x000001059eb20000, 0x000001059ed90000, 0x00000105a6050000]
CodeHeap 'profiled nmethods': size=120000Kb used=9001Kb max_used=9001Kb free=110998Kb
 bounds [0x0000010597050000, 0x0000010597920000, 0x000001059e580000]
CodeHeap 'non-nmethods': size=5760Kb used=1290Kb max_used=1368Kb free=4469Kb
 bounds [0x000001059e580000, 0x000001059e7f0000, 0x000001059eb20000]
 total_blobs=4758 nmethods=4136 adapters=536
 compilation: enabled
              stopped_count=0, restarted_count=0
 full_count=0

Compilation events (20 events):
Event: 32.656 Thread 0x00000105adbd5590 4134       3       org.lombokweb.asm.MethodWriter::visitEnd (1 bytes)
Event: 32.656 Thread 0x00000105adbd5590 nmethod 4134 0x0000010597913290 code [0x0000010597913420, 0x0000010597913538]
Event: 32.657 Thread 0x00000105adbd5590 4135       3       lombok.patcher.MethodLogistics::generateLoadOpcodeForParam (37 bytes)
Event: 32.658 Thread 0x00000105adbd5590 nmethod 4135 0x0000010597913610 code [0x0000010597913800, 0x0000010597913d88]
Event: 32.708 Thread 0x00000105adbd5590 4136       3       lombok.patcher.MethodLogistics::loadOpcodeFor (145 bytes)
Event: 32.710 Thread 0x00000105adbd5590 nmethod 4136 0x0000010597913f90 code [0x0000010597914240, 0x0000010597914f78]
Event: 32.716 Thread 0x00000105adbd5590 4138       3       org.lombokweb.asm.MethodWriter::visitIntInsn (113 bytes)
Event: 32.717 Thread 0x00000105adbd5590 nmethod 4138 0x0000010597915410 code [0x00000105979155e0, 0x0000010597915a48]
Event: 32.717 Thread 0x00000105adbd5590 4139       3       org.lombokweb.asm.MethodVisitor::visitIntInsn (17 bytes)
Event: 32.717 Thread 0x00000105adbd5590 nmethod 4139 0x0000010597915b90 code [0x0000010597915d40, 0x0000010597915f48]
Event: 32.735 Thread 0x00000105a898e400 nmethod 4126 0x000001059ed2d810 code [0x000001059ed2dbc0, 0x000001059ed315d0]
Event: 32.737 Thread 0x00000105a898e400 4130       4       org.lombokweb.asm.MethodWriter::visitLabel (328 bytes)
Event: 32.747 Thread 0x00000105a898e400 nmethod 4130 0x000001059ed33d90 code [0x000001059ed33f20, 0x000001059ed343b8]
Event: 32.747 Thread 0x00000105a898e400 4137 %     4       org.lombokweb.asm.ClassReader::readCode @ 2036 (5117 bytes)
Event: 32.785 Thread 0x00000105adbd5590 4140       3       org.lombokweb.asm.MethodWriter::visitLdcInsn (215 bytes)
Event: 32.787 Thread 0x00000105adbd5590 nmethod 4140 0x0000010597916010 code [0x0000010597916280, 0x0000010597916e08]
Event: 32.793 Thread 0x00000105adbd5590 4142       3       org.lombokweb.asm.Handler::putExceptionTable (63 bytes)
Event: 32.794 Thread 0x00000105adbd5590 nmethod 4142 0x0000010597917290 code [0x00000105979174a0, 0x00000105979178c8]
Event: 32.912 Thread 0x00000105adbd5590 4144       3       org.lombokweb.asm.SymbolTable::hash (23 bytes)
Event: 32.913 Thread 0x00000105adbd5590 nmethod 4144 0x0000010597917b90 code [0x0000010597917d40, 0x0000010597917f28]

GC Heap History (20 events):
Event: 20.873 GC heap before
{Heap before GC invocations=11 (full 2):
 PSYoungGen      total 27136K, used 3323K [0x00000000eab00000, 0x00000000eca00000, 0x0000000100000000)
  eden space 23552K, 0% used [0x00000000eab00000,0x00000000eab00000,0x00000000ec200000)
  from space 3584K, 92% used [0x00000000ec280000,0x00000000ec5becf0,0x00000000ec600000)
  to   space 4096K, 0% used [0x00000000ec600000,0x00000000ec600000,0x00000000eca00000)
 ParOldGen       total 68608K, used 9725K [0x00000000c0000000, 0x00000000c4300000, 0x00000000eab00000)
  object space 68608K, 14% used [0x00000000c0000000,0x00000000c097f5d8,0x00000000c4300000)
 Metaspace       used 35150K, committed 35840K, reserved 1114112K
  class space    used 3554K, committed 3904K, reserved 1048576K
}
Event: 20.925 GC heap after
{Heap after GC invocations=11 (full 2):
 PSYoungGen      total 27136K, used 0K [0x00000000eab00000, 0x00000000eca00000, 0x0000000100000000)
  eden space 23552K, 0% used [0x00000000eab00000,0x00000000eab00000,0x00000000ec200000)
  from space 3584K, 0% used [0x00000000ec280000,0x00000000ec280000,0x00000000ec600000)
  to   space 4096K, 0% used [0x00000000ec600000,0x00000000ec600000,0x00000000eca00000)
 ParOldGen       total 68608K, used 12771K [0x00000000c0000000, 0x00000000c4300000, 0x00000000eab00000)
  object space 68608K, 18% used [0x00000000c0000000,0x00000000c0c78c80,0x00000000c4300000)
 Metaspace       used 35150K, committed 35840K, reserved 1114112K
  class space    used 3554K, committed 3904K, reserved 1048576K
}
Event: 21.676 GC heap before
{Heap before GC invocations=12 (full 2):
 PSYoungGen      total 27136K, used 23552K [0x00000000eab00000, 0x00000000eca00000, 0x0000000100000000)
  eden space 23552K, 100% used [0x00000000eab00000,0x00000000ec200000,0x00000000ec200000)
  from space 3584K, 0% used [0x00000000ec280000,0x00000000ec280000,0x00000000ec600000)
  to   space 4096K, 0% used [0x00000000ec600000,0x00000000ec600000,0x00000000eca00000)
 ParOldGen       total 68608K, used 12771K [0x00000000c0000000, 0x00000000c4300000, 0x00000000eab00000)
  object space 68608K, 18% used [0x00000000c0000000,0x00000000c0c78c80,0x00000000c4300000)
 Metaspace       used 36702K, committed 37440K, reserved 1114112K
  class space    used 3732K, committed 4096K, reserved 1048576K
}
Event: 21.679 GC heap after
{Heap after GC invocations=12 (full 2):
 PSYoungGen      total 25088K, used 1984K [0x00000000eab00000, 0x00000000ec800000, 0x0000000100000000)
  eden space 23040K, 0% used [0x00000000eab00000,0x00000000eab00000,0x00000000ec180000)
  from space 2048K, 96% used [0x00000000ec600000,0x00000000ec7f0040,0x00000000ec800000)
  to   space 3072K, 0% used [0x00000000ec200000,0x00000000ec200000,0x00000000ec500000)
 ParOldGen       total 68608K, used 12779K [0x00000000c0000000, 0x00000000c4300000, 0x00000000eab00000)
  object space 68608K, 18% used [0x00000000c0000000,0x00000000c0c7ac80,0x00000000c4300000)
 Metaspace       used 36702K, committed 37440K, reserved 1114112K
  class space    used 3732K, committed 4096K, reserved 1048576K
}
Event: 21.985 GC heap before
{Heap before GC invocations=13 (full 2):
 PSYoungGen      total 25088K, used 25024K [0x00000000eab00000, 0x00000000ec800000, 0x0000000100000000)
  eden space 23040K, 100% used [0x00000000eab00000,0x00000000ec180000,0x00000000ec180000)
  from space 2048K, 96% used [0x00000000ec600000,0x00000000ec7f0040,0x00000000ec800000)
  to   space 3072K, 0% used [0x00000000ec200000,0x00000000ec200000,0x00000000ec500000)
 ParOldGen       total 68608K, used 12779K [0x00000000c0000000, 0x00000000c4300000, 0x00000000eab00000)
  object space 68608K, 18% used [0x00000000c0000000,0x00000000c0c7ac80,0x00000000c4300000)
 Metaspace       used 36902K, committed 37632K, reserved 1114112K
  class space    used 3751K, committed 4096K, reserved 1048576K
}
Event: 21.992 GC heap after
{Heap after GC invocations=13 (full 2):
 PSYoungGen      total 25088K, used 2144K [0x00000000eab00000, 0x00000000ec680000, 0x0000000100000000)
  eden space 22528K, 0% used [0x00000000eab00000,0x00000000eab00000,0x00000000ec100000)
  from space 2560K, 83% used [0x00000000ec200000,0x00000000ec418010,0x00000000ec480000)
  to   space 2048K, 0% used [0x00000000ec480000,0x00000000ec480000,0x00000000ec680000)
 ParOldGen       total 68608K, used 14661K [0x00000000c0000000, 0x00000000c4300000, 0x00000000eab00000)
  object space 68608K, 21% used [0x00000000c0000000,0x00000000c0e516b8,0x00000000c4300000)
 Metaspace       used 36902K, committed 37632K, reserved 1114112K
  class space    used 3751K, committed 4096K, reserved 1048576K
}
Event: 22.281 GC heap before
{Heap before GC invocations=14 (full 2):
 PSYoungGen      total 25088K, used 24672K [0x00000000eab00000, 0x00000000ec680000, 0x0000000100000000)
  eden space 22528K, 100% used [0x00000000eab00000,0x00000000ec100000,0x00000000ec100000)
  from space 2560K, 83% used [0x00000000ec200000,0x00000000ec418010,0x00000000ec480000)
  to   space 2048K, 0% used [0x00000000ec480000,0x00000000ec480000,0x00000000ec680000)
 ParOldGen       total 68608K, used 14661K [0x00000000c0000000, 0x00000000c4300000, 0x00000000eab00000)
  object space 68608K, 21% used [0x00000000c0000000,0x00000000c0e516b8,0x00000000c4300000)
 Metaspace       used 36968K, committed 37760K, reserved 1114112K
  class space    used 3764K, committed 4160K, reserved 1048576K
}
Event: 22.290 GC heap after
{Heap after GC invocations=14 (full 2):
 PSYoungGen      total 24576K, used 2016K [0x00000000eab00000, 0x00000000ec680000, 0x0000000100000000)
  eden space 22528K, 0% used [0x00000000eab00000,0x00000000eab00000,0x00000000ec100000)
  from space 2048K, 98% used [0x00000000ec480000,0x00000000ec678010,0x00000000ec680000)
  to   space 2560K, 0% used [0x00000000ec200000,0x00000000ec200000,0x00000000ec480000)
 ParOldGen       total 68608K, used 16816K [0x00000000c0000000, 0x00000000c4300000, 0x00000000eab00000)
  object space 68608K, 24% used [0x00000000c0000000,0x00000000c106c268,0x00000000c4300000)
 Metaspace       used 36968K, committed 37760K, reserved 1114112K
  class space    used 3764K, committed 4160K, reserved 1048576K
}
Event: 22.454 GC heap before
{Heap before GC invocations=15 (full 2):
 PSYoungGen      total 24576K, used 24544K [0x00000000eab00000, 0x00000000ec680000, 0x0000000100000000)
  eden space 22528K, 100% used [0x00000000eab00000,0x00000000ec100000,0x00000000ec100000)
  from space 2048K, 98% used [0x00000000ec480000,0x00000000ec678010,0x00000000ec680000)
  to   space 2560K, 0% used [0x00000000ec200000,0x00000000ec200000,0x00000000ec480000)
 ParOldGen       total 68608K, used 16816K [0x00000000c0000000, 0x00000000c4300000, 0x00000000eab00000)
  object space 68608K, 24% used [0x00000000c0000000,0x00000000c106c268,0x00000000c4300000)
 Metaspace       used 36968K, committed 37760K, reserved 1114112K
  class space    used 3764K, committed 4160K, reserved 1048576K
}
Event: 22.461 GC heap after
{Heap after GC invocations=15 (full 2):
 PSYoungGen      total 24576K, used 2368K [0x00000000eab00000, 0x00000000ec680000, 0x0000000100000000)
  eden space 22016K, 0% used [0x00000000eab00000,0x00000000eab00000,0x00000000ec080000)
  from space 2560K, 92% used [0x00000000ec200000,0x00000000ec450000,0x00000000ec480000)
  to   space 2048K, 0% used [0x00000000ec480000,0x00000000ec480000,0x00000000ec680000)
 ParOldGen       total 68608K, used 18833K [0x00000000c0000000, 0x00000000c4300000, 0x00000000eab00000)
  object space 68608K, 27% used [0x00000000c0000000,0x00000000c12644c8,0x00000000c4300000)
 Metaspace       used 36968K, committed 37760K, reserved 1114112K
  class space    used 3764K, committed 4160K, reserved 1048576K
}
Event: 22.635 GC heap before
{Heap before GC invocations=16 (full 2):
 PSYoungGen      total 24576K, used 24384K [0x00000000eab00000, 0x00000000ec680000, 0x0000000100000000)
  eden space 22016K, 100% used [0x00000000eab00000,0x00000000ec080000,0x00000000ec080000)
  from space 2560K, 92% used [0x00000000ec200000,0x00000000ec450000,0x00000000ec480000)
  to   space 2048K, 0% used [0x00000000ec480000,0x00000000ec480000,0x00000000ec680000)
 ParOldGen       total 68608K, used 18833K [0x00000000c0000000, 0x00000000c4300000, 0x00000000eab00000)
  object space 68608K, 27% used [0x00000000c0000000,0x00000000c12644c8,0x00000000c4300000)
 Metaspace       used 36968K, committed 37760K, reserved 1114112K
  class space    used 3764K, committed 4160K, reserved 1048576K
}
Event: 22.643 GC heap after
{Heap after GC invocations=16 (full 2):
 PSYoungGen      total 23040K, used 2048K [0x00000000eab00000, 0x00000000eca80000, 0x0000000100000000)
  eden space 20992K, 0% used [0x00000000eab00000,0x00000000eab00000,0x00000000ebf80000)
  from space 2048K, 100% used [0x00000000ec480000,0x00000000ec680000,0x00000000ec680000)
  to   space 5120K, 0% used [0x00000000ebf80000,0x00000000ebf80000,0x00000000ec480000)
 ParOldGen       total 68608K, used 21417K [0x00000000c0000000, 0x00000000c4300000, 0x00000000eab00000)
  object space 68608K, 31% used [0x00000000c0000000,0x00000000c14ea4d8,0x00000000c4300000)
 Metaspace       used 36968K, committed 37760K, reserved 1114112K
  class space    used 3764K, committed 4160K, reserved 1048576K
}
Event: 23.935 GC heap before
{Heap before GC invocations=17 (full 2):
 PSYoungGen      total 23040K, used 23040K [0x00000000eab00000, 0x00000000eca80000, 0x0000000100000000)
  eden space 20992K, 100% used [0x00000000eab00000,0x00000000ebf80000,0x00000000ebf80000)
  from space 2048K, 100% used [0x00000000ec480000,0x00000000ec680000,0x00000000ec680000)
  to   space 5120K, 0% used [0x00000000ebf80000,0x00000000ebf80000,0x00000000ec480000)
 ParOldGen       total 68608K, used 21417K [0x00000000c0000000, 0x00000000c4300000, 0x00000000eab00000)
  object space 68608K, 31% used [0x00000000c0000000,0x00000000c14ea4d8,0x00000000c4300000)
 Metaspace       used 38220K, committed 38976K, reserved 1114112K
  class space    used 3908K, committed 4288K, reserved 1048576K
}
Event: 23.943 GC heap after
{Heap after GC invocations=17 (full 2):
 PSYoungGen      total 23552K, used 2368K [0x00000000eab00000, 0x00000000ec680000, 0x0000000100000000)
  eden space 20992K, 0% used [0x00000000eab00000,0x00000000eab00000,0x00000000ebf80000)
  from space 2560K, 92% used [0x00000000ebf80000,0x00000000ec1d0000,0x00000000ec200000)
  to   space 3584K, 0% used [0x00000000ec300000,0x00000000ec300000,0x00000000ec680000)
 ParOldGen       total 68608K, used 23479K [0x00000000c0000000, 0x00000000c4300000, 0x00000000eab00000)
  object space 68608K, 34% used [0x00000000c0000000,0x00000000c16edd58,0x00000000c4300000)
 Metaspace       used 38220K, committed 38976K, reserved 1114112K
  class space    used 3908K, committed 4288K, reserved 1048576K
}
Event: 27.612 GC heap before
{Heap before GC invocations=18 (full 2):
 PSYoungGen      total 23552K, used 23335K [0x00000000eab00000, 0x00000000ec680000, 0x0000000100000000)
  eden space 20992K, 99% used [0x00000000eab00000,0x00000000ebf79e70,0x00000000ebf80000)
  from space 2560K, 92% used [0x00000000ebf80000,0x00000000ec1d0000,0x00000000ec200000)
  to   space 3584K, 0% used [0x00000000ec300000,0x00000000ec300000,0x00000000ec680000)
 ParOldGen       total 68608K, used 23479K [0x00000000c0000000, 0x00000000c4300000, 0x00000000eab00000)
  object space 68608K, 34% used [0x00000000c0000000,0x00000000c16edd58,0x00000000c4300000)
 Metaspace       used 40213K, committed 40960K, reserved 1114112K
  class space    used 4124K, committed 4480K, reserved 1048576K
}
Event: 27.621 GC heap after
{Heap after GC invocations=18 (full 2):
 PSYoungGen      total 22016K, used 824K [0x00000000eab00000, 0x00000000ec400000, 0x0000000100000000)
  eden space 20992K, 0% used [0x00000000eab00000,0x00000000eab00000,0x00000000ebf80000)
  from space 1024K, 80% used [0x00000000ec300000,0x00000000ec3ce290,0x00000000ec400000)
  to   space 1536K, 0% used [0x00000000ec100000,0x00000000ec100000,0x00000000ec280000)
 ParOldGen       total 68608K, used 25757K [0x00000000c0000000, 0x00000000c4300000, 0x00000000eab00000)
  object space 68608K, 37% used [0x00000000c0000000,0x00000000c1927740,0x00000000c4300000)
 Metaspace       used 40213K, committed 40960K, reserved 1114112K
  class space    used 4124K, committed 4480K, reserved 1048576K
}
Event: 31.603 GC heap before
{Heap before GC invocations=19 (full 2):
 PSYoungGen      total 22016K, used 21816K [0x00000000eab00000, 0x00000000ec400000, 0x0000000100000000)
  eden space 20992K, 100% used [0x00000000eab00000,0x00000000ebf80000,0x00000000ebf80000)
  from space 1024K, 80% used [0x00000000ec300000,0x00000000ec3ce290,0x00000000ec400000)
  to   space 1536K, 0% used [0x00000000ec100000,0x00000000ec100000,0x00000000ec280000)
 ParOldGen       total 68608K, used 25757K [0x00000000c0000000, 0x00000000c4300000, 0x00000000eab00000)
  object space 68608K, 37% used [0x00000000c0000000,0x00000000c1927740,0x00000000c4300000)
 Metaspace       used 41762K, committed 42496K, reserved 1114112K
  class space    used 4255K, committed 4608K, reserved 1048576K
}
Event: 31.611 GC heap after
{Heap after GC invocations=19 (full 2):
 PSYoungGen      total 22528K, used 1278K [0x00000000eab00000, 0x00000000ec380000, 0x0000000100000000)
  eden space 20992K, 0% used [0x00000000eab00000,0x00000000eab00000,0x00000000ebf80000)
  from space 1536K, 83% used [0x00000000ec100000,0x00000000ec23fa20,0x00000000ec280000)
  to   space 1024K, 0% used [0x00000000ec280000,0x00000000ec280000,0x00000000ec380000)
 ParOldGen       total 68608K, used 26535K [0x00000000c0000000, 0x00000000c4300000, 0x00000000eab00000)
  object space 68608K, 38% used [0x00000000c0000000,0x00000000c19e9c68,0x00000000c4300000)
 Metaspace       used 41762K, committed 42496K, reserved 1114112K
  class space    used 4255K, committed 4608K, reserved 1048576K
}
Event: 32.802 GC heap before
{Heap before GC invocations=20 (full 2):
 PSYoungGen      total 22528K, used 22210K [0x00000000eab00000, 0x00000000ec380000, 0x0000000100000000)
  eden space 20992K, 99% used [0x00000000eab00000,0x00000000ebf71190,0x00000000ebf80000)
  from space 1536K, 83% used [0x00000000ec100000,0x00000000ec23fa20,0x00000000ec280000)
  to   space 1024K, 0% used [0x00000000ec280000,0x00000000ec280000,0x00000000ec380000)
 ParOldGen       total 68608K, used 26535K [0x00000000c0000000, 0x00000000c4300000, 0x00000000eab00000)
  object space 68608K, 38% used [0x00000000c0000000,0x00000000c19e9c68,0x00000000c4300000)
 Metaspace       used 41802K, committed 42560K, reserved 1114112K
  class space    used 4255K, committed 4608K, reserved 1048576K
}
Event: 32.806 GC heap after
{Heap after GC invocations=20 (full 2):
 PSYoungGen      total 22016K, used 886K [0x00000000eab00000, 0x00000000ec380000, 0x0000000100000000)
  eden space 20992K, 0% used [0x00000000eab00000,0x00000000eab00000,0x00000000ebf80000)
  from space 1024K, 86% used [0x00000000ec280000,0x00000000ec35db78,0x00000000ec380000)
  to   space 1536K, 0% used [0x00000000ec080000,0x00000000ec080000,0x00000000ec200000)
 ParOldGen       total 68608K, used 27185K [0x00000000c0000000, 0x00000000c4300000, 0x00000000eab00000)
  object space 68608K, 39% used [0x00000000c0000000,0x00000000c1a8c6d8,0x00000000c4300000)
 Metaspace       used 41802K, committed 42560K, reserved 1114112K
  class space    used 4255K, committed 4608K, reserved 1048576K
}

Dll operation events (10 events):
Event: 0.018 Loaded shared library c:\Users\rsssa\.vscode\extensions\redhat.java-1.28.1-win32-x64\jre\17.0.10-win32-x86_64\bin\java.dll
Event: 0.695 Loaded shared library c:\Users\rsssa\.vscode\extensions\redhat.java-1.28.1-win32-x64\jre\17.0.10-win32-x86_64\bin\zip.dll
Event: 0.721 Loaded shared library C:\Users\rsssa\.vscode\extensions\redhat.java-1.28.1-win32-x64\jre\17.0.10-win32-x86_64\bin\instrument.dll
Event: 0.765 Loaded shared library C:\Users\rsssa\.vscode\extensions\redhat.java-1.28.1-win32-x64\jre\17.0.10-win32-x86_64\bin\net.dll
Event: 0.772 Loaded shared library C:\Users\rsssa\.vscode\extensions\redhat.java-1.28.1-win32-x64\jre\17.0.10-win32-x86_64\bin\nio.dll
Event: 0.787 Loaded shared library C:\Users\rsssa\.vscode\extensions\redhat.java-1.28.1-win32-x64\jre\17.0.10-win32-x86_64\bin\zip.dll
Event: 0.838 Loaded shared library C:\Users\rsssa\.vscode\extensions\redhat.java-1.28.1-win32-x64\jre\17.0.10-win32-x86_64\bin\jimage.dll
Event: 1.038 Loaded shared library c:\Users\rsssa\.vscode\extensions\redhat.java-1.28.1-win32-x64\jre\17.0.10-win32-x86_64\bin\verify.dll
Event: 6.036 Loaded shared library C:\Users\rsssa\AppData\Roaming\Code\User\globalStorage\redhat.java\1.28.1\config_ss_win\org.eclipse.equinox.launcher\org.eclipse.equinox.launcher.win32.win32.x86_64_1.2.900.v20240129-1338\eclipse_11900.dll
Event: 19.500 Loaded shared library C:\Users\rsssa\AppData\Local\Temp\jna-108821536\jna8574047389984755308.dll

Deoptimization events (20 events):
Event: 32.084 Thread 0x00000105ae5f9ee0 DEOPT PACKING pc=0x000001059ec10604 sp=0x000000034d6f9610
Event: 32.084 Thread 0x00000105ae5f9ee0 DEOPT UNPACKING pc=0x000001059e5d66a3 sp=0x000000034d6f9578 mode 2
Event: 32.084 Thread 0x00000105ae5f9ee0 Uncommon trap: trap_request=0xffffffde fr.pc=0x000001059ec10604 relative=0x00000000000072c4
Event: 32.084 Thread 0x00000105ae5f9ee0 Uncommon trap: reason=class_check action=maybe_recompile pc=0x000001059ec10604 method=lombok.patcher.PatchScript$MethodPatcher.visitMethod(ILjava/lang/String;Ljava/lang/String;Ljava/lang/String;[Ljava/lang/String;)Lorg/lombokweb/asm/MethodVisitor; @ 101 c
Event: 32.084 Thread 0x00000105ae5f9ee0 DEOPT PACKING pc=0x000001059ec10604 sp=0x000000034d6f9610
Event: 32.084 Thread 0x00000105ae5f9ee0 DEOPT UNPACKING pc=0x000001059e5d66a3 sp=0x000000034d6f9578 mode 2
Event: 32.387 Thread 0x00000105ae5f9ee0 Uncommon trap: trap_request=0xffffff45 fr.pc=0x000001059ed24784 relative=0x0000000000000364
Event: 32.387 Thread 0x00000105ae5f9ee0 Uncommon trap: reason=unstable_if action=reinterpret pc=0x000001059ed24784 method=org.lombokweb.asm.MethodWriter.computeMethodInfoSize()I @ 228 c2
Event: 32.387 Thread 0x00000105ae5f9ee0 DEOPT PACKING pc=0x000001059ed24784 sp=0x000000034d6f9820
Event: 32.387 Thread 0x00000105ae5f9ee0 DEOPT UNPACKING pc=0x000001059e5d66a3 sp=0x000000034d6f97c0 mode 2
Event: 32.388 Thread 0x00000105ae5f9ee0 Uncommon trap: trap_request=0xffffff45 fr.pc=0x000001059ed2266c relative=0x0000000000000f0c
Event: 32.388 Thread 0x00000105ae5f9ee0 Uncommon trap: reason=unstable_if action=reinterpret pc=0x000001059ed2266c method=org.lombokweb.asm.MethodWriter.putMethodInfo(Lorg/lombokweb/asm/ByteVector;)V @ 374 c2
Event: 32.388 Thread 0x00000105ae5f9ee0 DEOPT PACKING pc=0x000001059ed2266c sp=0x000000034d6f97e0
Event: 32.388 Thread 0x00000105ae5f9ee0 DEOPT UNPACKING pc=0x000001059e5d66a3 sp=0x000000034d6f9798 mode 2
Event: 32.406 Thread 0x00000105ae5f9ee0 DEOPT PACKING pc=0x00000105974e6648 sp=0x000000034d6f96a0
Event: 32.407 Thread 0x00000105ae5f9ee0 DEOPT UNPACKING pc=0x000001059e5d6e43 sp=0x000000034d6f8c48 mode 0
Event: 32.707 Thread 0x00000105ae5f9ee0 DEOPT PACKING pc=0x00000105974e6648 sp=0x000000034d6f96a0
Event: 32.707 Thread 0x00000105ae5f9ee0 DEOPT UNPACKING pc=0x000001059e5d6e43 sp=0x000000034d6f8c48 mode 0
Event: 32.763 Thread 0x00000105ae5f9ee0 DEOPT PACKING pc=0x00000105974e6648 sp=0x000000034d6f96a0
Event: 32.763 Thread 0x00000105ae5f9ee0 DEOPT UNPACKING pc=0x000001059e5d6e43 sp=0x000000034d6f8c48 mode 0

Classes unloaded (7 events):
Event: 9.189 Thread 0x00000105a894c7e0 Unloading class 0x000000010021a400 'java/lang/invoke/LambdaForm$MH+0x000000010021a400'
Event: 9.189 Thread 0x00000105a894c7e0 Unloading class 0x000000010021a000 'java/lang/invoke/LambdaForm$MH+0x000000010021a000'
Event: 9.189 Thread 0x00000105a894c7e0 Unloading class 0x0000000100219c00 'java/lang/invoke/LambdaForm$MH+0x0000000100219c00'
Event: 9.189 Thread 0x00000105a894c7e0 Unloading class 0x0000000100219800 'java/lang/invoke/LambdaForm$MH+0x0000000100219800'
Event: 9.189 Thread 0x00000105a894c7e0 Unloading class 0x0000000100219400 'java/lang/invoke/LambdaForm$BMH+0x0000000100219400'
Event: 9.189 Thread 0x00000105a894c7e0 Unloading class 0x0000000100219000 'java/lang/invoke/LambdaForm$DMH+0x0000000100219000'
Event: 9.189 Thread 0x00000105a894c7e0 Unloading class 0x0000000100210400 'java/lang/invoke/LambdaForm$DMH+0x0000000100210400'

Classes redefined (0 events):
No events

Internal exceptions (20 events):
Event: 19.751 Thread 0x0000010592bcf810 Exception <a 'java/lang/NoSuchMethodError'{0x00000000eb185e88}: 'java.lang.Object java.lang.invoke.DirectMethodHandle$Holder.invokeStatic(java.lang.Object, java.lang.Object, long, java.lang.Object)'> (0x00000000eb185e88) 
thrown [s\src\hotspot\share\interpreter\linkResolver.cpp, line 759]
Event: 19.751 Thread 0x0000010592bcf810 Exception <a 'java/lang/NoSuchMethodError'{0x00000000eb189920}: 'java.lang.Object java.lang.invoke.DirectMethodHandle$Holder.invokeStaticInit(java.lang.Object, java.lang.Object, long, java.lang.Object)'> (0x00000000eb189920) 
thrown [s\src\hotspot\share\interpreter\linkResolver.cpp, line 759]
Event: 19.752 Thread 0x0000010592bcf810 Exception <a 'java/lang/NoSuchMethodError'{0x00000000eb18ff30}: 'java.lang.Object java.lang.invoke.DirectMethodHandle$Holder.newInvokeSpecial(java.lang.Object, java.lang.Object, long)'> (0x00000000eb18ff30) 
thrown [s\src\hotspot\share\interpreter\linkResolver.cpp, line 759]
Event: 19.898 Thread 0x0000010592bcf810 Exception <a 'java/lang/NoSuchMethodError'{0x00000000eb352400}: 'void java.lang.invoke.DirectMethodHandle$Holder.invokeStatic(java.lang.Object, java.lang.Object, java.lang.Object, java.lang.Object)'> (0x00000000eb352400) 
thrown [s\src\hotspot\share\interpreter\linkResolver.cpp, line 759]
Event: 20.320 Thread 0x0000010592bcf810 Exception <a 'java/lang/NoSuchMethodError'{0x00000000ebbaf9d0}: 'void java.lang.invoke.DirectMethodHandle$Holder.invokeSpecial(java.lang.Object, java.lang.Object, java.lang.Object, java.lang.Object, java.lang.Object, java.lang.Object)'> (0x00000000ebbaf9d0) 
thrown [s\src\hotspot\share\interpreter\linkResolver.cpp, line 759]
Event: 20.324 Thread 0x0000010592bcf810 Exception <a 'java/lang/IncompatibleClassChangeError'{0x00000000ebbb94d8}: Found class java.lang.Object, but interface was expected> (0x00000000ebbb94d8) 
thrown [s\src\hotspot\share\interpreter\linkResolver.cpp, line 826]
Event: 20.690 Thread 0x00000105ae5f4de0 Exception <a 'java/io/FileNotFoundException'{0x00000000ec1e6f58}> (0x00000000ec1e6f58) 
thrown [s\src\hotspot\share\prims\jni.cpp, line 516]
Event: 20.782 Thread 0x00000105ae5f4de0 Exception <a 'sun/nio/fs/WindowsException'{0x00000000eac3b5c8}> (0x00000000eac3b5c8) 
thrown [s\src\hotspot\share\prims\jni.cpp, line 516]
Event: 20.788 Thread 0x00000105ae078de0 Exception <a 'java/io/FileNotFoundException'{0x00000000eac67848}> (0x00000000eac67848) 
thrown [s\src\hotspot\share\prims\jni.cpp, line 516]
Event: 20.788 Thread 0x00000105ae078de0 Exception <a 'java/io/FileNotFoundException'{0x00000000eac68840}> (0x00000000eac68840) 
thrown [s\src\hotspot\share\prims\jni.cpp, line 516]
Event: 20.791 Thread 0x00000105ae078de0 Exception <a 'java/io/FileNotFoundException'{0x00000000eac695b0}> (0x00000000eac695b0) 
thrown [s\src\hotspot\share\prims\jni.cpp, line 516]
Event: 21.086 Thread 0x00000105ae078de0 Exception <a 'java/lang/NoSuchMethodError'{0x00000000eaedd558}: 'java.lang.Object java.lang.invoke.Invokers$Holder.invoke_MT(java.lang.Object, java.lang.Object, java.lang.Object)'> (0x00000000eaedd558) 
thrown [s\src\hotspot\share\interpreter\linkResolver.cpp, line 759]
Event: 21.164 Thread 0x00000105ae5f4de0 Exception <a 'java/lang/NoSuchMethodError'{0x00000000eafbf210}: 'int java.lang.invoke.DirectMethodHandle$Holder.invokeVirtual(java.lang.Object, java.lang.Object)'> (0x00000000eafbf210) 
thrown [s\src\hotspot\share\interpreter\linkResolver.cpp, line 759]
Event: 21.733 Thread 0x00000105ae078de0 Exception <a 'java/io/FileNotFoundException'{0x00000000eb064a10}> (0x00000000eb064a10) 
thrown [s\src\hotspot\share\prims\jni.cpp, line 516]
Event: 21.734 Thread 0x00000105ae078de0 Exception <a 'java/io/FileNotFoundException'{0x00000000eb065f48}> (0x00000000eb065f48) 
thrown [s\src\hotspot\share\prims\jni.cpp, line 516]
Event: 21.738 Thread 0x00000105ae078de0 Exception <a 'java/lang/NoSuchMethodError'{0x00000000eb0775b0}: 'void java.lang.invoke.DirectMethodHandle$Holder.invokeStaticInit(java.lang.Object, java.lang.Object, java.lang.Object)'> (0x00000000eb0775b0) 
thrown [s\src\hotspot\share\interpreter\linkResolver.cpp, line 759]
Event: 23.225 Thread 0x00000105ae5f9ee0 Exception <a 'java/lang/NoSuchMethodError'{0x00000000eb6ffdf8}: 'java.lang.Object java.lang.invoke.DirectMethodHandle$Holder.invokeInterface(java.lang.Object, java.lang.Object, java.lang.Object)'> (0x00000000eb6ffdf8) 
thrown [s\src\hotspot\share\interpreter\linkResolver.cpp, line 759]
Event: 30.196 Thread 0x00000105ae5f6220 Implicit null exception at 0x000001059ec646cf to 0x000001059ec65424
Event: 31.004 Thread 0x00000105ae5f9ee0 Exception <a 'java/lang/LinkageError'{0x00000000ebc23ba8}: loader lombok.launch.ShadowClassLoader @7f29a4b9 attempted duplicate class definition for lombok.launch.PatchFixesHider$ValPortal. (lombok.launch.PatchFixesHider$ValPortal is in unnamed module of loader lombok.launch.ShadowClassLoader @7f29a4b9, parent loader org.eclipse.osgi.internal.loader.EquinoxClassLoader @435e5d20)> (0x00000000ebc23ba8) 
thrown [s\src\hotspot\share\classfile\systemDictionary.cpp, line 1724]
Event: 31.005 Thread 0x00000105ae5f4de0 Exception <a 'java/lang/LinkageError'{0x00000000ebd2d4a8}: loader lombok.launch.ShadowClassLoader @7f29a4b9 attempted duplicate class definition for lombok.launch.PatchFixesHider$ValPortal. (lombok.launch.PatchFixesHider$ValPortal is in unnamed module of loader lombok.launch.ShadowClassLoader @7f29a4b9, parent loader org.eclipse.osgi.internal.loader.EquinoxClassLoader @435e5d20)> (0x00000000ebd2d4a8) 
thrown [s\src\hotspot\share\classfile\systemDictionary.cpp, line 1724]

VM Operations (20 events):
Event: 24.675 Executing VM operation: HandshakeAllThreads
Event: 24.675 Executing VM operation: HandshakeAllThreads done
Event: 25.675 Executing VM operation: Cleanup
Event: 25.675 Executing VM operation: Cleanup done
Event: 26.675 Executing VM operation: Cleanup
Event: 26.676 Executing VM operation: Cleanup done
Event: 27.612 Executing VM operation: ParallelGCFailedAllocation
Event: 27.621 Executing VM operation: ParallelGCFailedAllocation done
Event: 28.636 Executing VM operation: Cleanup
Event: 28.636 Executing VM operation: Cleanup done
Event: 29.642 Executing VM operation: Cleanup
Event: 29.642 Executing VM operation: Cleanup done
Event: 30.657 Executing VM operation: Cleanup
Event: 30.696 Executing VM operation: Cleanup done
Event: 31.603 Executing VM operation: ParallelGCFailedAllocation
Event: 31.611 Executing VM operation: ParallelGCFailedAllocation done
Event: 32.617 Executing VM operation: Cleanup
Event: 32.633 Executing VM operation: Cleanup done
Event: 32.802 Executing VM operation: ParallelGCFailedAllocation
Event: 32.806 Executing VM operation: ParallelGCFailedAllocation done

Events (20 events):
Event: 23.365 loading class java/io/DataOutputStream done
Event: 23.376 loading class sun/nio/cs/ThreadLocalCoders
Event: 23.376 loading class sun/nio/cs/ThreadLocalCoders done
Event: 23.376 loading class sun/nio/cs/ThreadLocalCoders$1
Event: 23.377 loading class sun/nio/cs/ThreadLocalCoders$Cache
Event: 23.377 loading class sun/nio/cs/ThreadLocalCoders$Cache done
Event: 23.377 loading class sun/nio/cs/ThreadLocalCoders$1 done
Event: 23.377 loading class sun/nio/cs/ThreadLocalCoders$2
Event: 23.377 loading class sun/nio/cs/ThreadLocalCoders$2 done
Event: 23.439 loading class java/lang/ExceptionInInitializerError
Event: 23.440 loading class java/lang/ExceptionInInitializerError done
Event: 25.333 Thread 0x00000105ae5fc250 Thread added: 0x00000105ae5fc250
Event: 25.337 loading class java/util/WeakHashMap$KeyIterator
Event: 25.337 loading class java/util/WeakHashMap$KeyIterator done
Event: 27.597 loading class java/util/Vector$1
Event: 27.598 loading class java/util/Vector$1 done
Event: 30.197 loading class java/util/Collections$UnmodifiableSortedSet
Event: 30.198 loading class java/util/Collections$UnmodifiableSortedSet done
Event: 30.564 loading class java/util/regex/Pattern$Caret
Event: 30.564 loading class java/util/regex/Pattern$Caret done


Dynamic libraries:
0x00007ff686270000 - 0x00007ff68627e000 	c:\Users\rsssa\.vscode\extensions\redhat.java-1.28.1-win32-x64\jre\17.0.10-win32-x86_64\bin\java.exe
0x00007ffd14a70000 - 0x00007ffd14c68000 	C:\WINDOWS\SYSTEM32\ntdll.dll
0x00007ffd14970000 - 0x00007ffd14a2d000 	C:\WINDOWS\System32\KERNEL32.DLL
0x00007ffd12130000 - 0x00007ffd12426000 	C:\WINDOWS\System32\KERNELBASE.dll
0x00007ffd12920000 - 0x00007ffd12a20000 	C:\WINDOWS\System32\ucrtbase.dll
0x00007ffd0d2c0000 - 0x00007ffd0d2d7000 	c:\Users\rsssa\.vscode\extensions\redhat.java-1.28.1-win32-x64\jre\17.0.10-win32-x86_64\bin\jli.dll
0x00007ffd14380000 - 0x00007ffd1451e000 	C:\WINDOWS\System32\USER32.dll
0x00007ffd12430000 - 0x00007ffd12452000 	C:\WINDOWS\System32\win32u.dll
0x00007ffd14880000 - 0x00007ffd148ab000 	C:\WINDOWS\System32\GDI32.dll
0x00007ffd124d0000 - 0x00007ffd125e7000 	C:\WINDOWS\System32\gdi32full.dll
0x00007ffd12750000 - 0x00007ffd127ed000 	C:\WINDOWS\System32\msvcp_win.dll
0x00007ffd0a400000 - 0x00007ffd0a41b000 	c:\Users\rsssa\.vscode\extensions\redhat.java-1.28.1-win32-x64\jre\17.0.10-win32-x86_64\bin\VCRUNTIME140.dll
0x00007ffcf0570000 - 0x00007ffcf080a000 	C:\WINDOWS\WinSxS\amd64_microsoft.windows.common-controls_6595b64144ccf1df_6.0.19041.3636_none_60b6a03d71f818d5\COMCTL32.dll
0x00007ffd142d0000 - 0x00007ffd1436e000 	C:\WINDOWS\System32\msvcrt.dll
0x00007ffd14210000 - 0x00007ffd14242000 	C:\WINDOWS\System32\IMM32.DLL
0x00007ffd0d2f0000 - 0x00007ffd0d2fc000 	c:\Users\rsssa\.vscode\extensions\redhat.java-1.28.1-win32-x64\jre\17.0.10-win32-x86_64\bin\vcruntime140_1.dll
0x00007ffcc6aa0000 - 0x00007ffcc6b2d000 	c:\Users\rsssa\.vscode\extensions\redhat.java-1.28.1-win32-x64\jre\17.0.10-win32-x86_64\bin\msvcp140.dll
0x00007ffc88330000 - 0x00007ffc88f92000 	c:\Users\rsssa\.vscode\extensions\redhat.java-1.28.1-win32-x64\jre\17.0.10-win32-x86_64\bin\server\jvm.dll
0x00007ffd148b0000 - 0x00007ffd14963000 	C:\WINDOWS\System32\ADVAPI32.dll
0x00007ffd13290000 - 0x00007ffd1332f000 	C:\WINDOWS\System32\sechost.dll
0x00007ffd146d0000 - 0x00007ffd147f6000 	C:\WINDOWS\System32\RPCRT4.dll
0x00007ffd128f0000 - 0x00007ffd12917000 	C:\WINDOWS\System32\bcrypt.dll
0x00007ffd11f90000 - 0x00007ffd11fdb000 	C:\WINDOWS\SYSTEM32\POWRPROF.dll
0x00007ffcf5220000 - 0x00007ffcf5229000 	C:\WINDOWS\SYSTEM32\WSOCK32.dll
0x00007ffd13810000 - 0x00007ffd1387b000 	C:\WINDOWS\System32\WS2_32.dll
0x00007ffcf4ad0000 - 0x00007ffcf4af7000 	C:\WINDOWS\SYSTEM32\WINMM.dll
0x00007ffd08780000 - 0x00007ffd0878a000 	C:\WINDOWS\SYSTEM32\VERSION.dll
0x00007ffd11f70000 - 0x00007ffd11f82000 	C:\WINDOWS\SYSTEM32\UMPDC.dll
0x00007ffd10970000 - 0x00007ffd10982000 	C:\WINDOWS\SYSTEM32\kernel.appcore.dll
0x00007ffd0b850000 - 0x00007ffd0b85a000 	c:\Users\rsssa\.vscode\extensions\redhat.java-1.28.1-win32-x64\jre\17.0.10-win32-x86_64\bin\jimage.dll
0x00007ffd10690000 - 0x00007ffd10874000 	C:\WINDOWS\SYSTEM32\DBGHELP.DLL
0x00007ffcfd880000 - 0x00007ffcfd8b4000 	C:\WINDOWS\SYSTEM32\dbgcore.DLL
0x00007ffd12a20000 - 0x00007ffd12aa2000 	C:\WINDOWS\System32\bcryptPrimitives.dll
0x00007ffd0afb0000 - 0x00007ffd0afbe000 	c:\Users\rsssa\.vscode\extensions\redhat.java-1.28.1-win32-x64\jre\17.0.10-win32-x86_64\bin\instrument.dll
0x00007ffcd8590000 - 0x00007ffcd85b5000 	c:\Users\rsssa\.vscode\extensions\redhat.java-1.28.1-win32-x64\jre\17.0.10-win32-x86_64\bin\java.dll
0x00007ffd0a320000 - 0x00007ffd0a338000 	c:\Users\rsssa\.vscode\extensions\redhat.java-1.28.1-win32-x64\jre\17.0.10-win32-x86_64\bin\zip.dll
0x00007ffd13910000 - 0x00007ffd14055000 	C:\WINDOWS\System32\SHELL32.dll
0x00007ffd0fe20000 - 0x00007ffd105bc000 	C:\WINDOWS\SYSTEM32\windows.storage.dll
0x00007ffd13450000 - 0x00007ffd137a4000 	C:\WINDOWS\System32\combase.dll
0x00007ffd11a90000 - 0x00007ffd11abe000 	C:\WINDOWS\SYSTEM32\Wldp.dll
0x00007ffd13110000 - 0x00007ffd131dd000 	C:\WINDOWS\System32\OLEAUT32.dll
0x00007ffd13000000 - 0x00007ffd130ad000 	C:\WINDOWS\System32\SHCORE.dll
0x00007ffd14060000 - 0x00007ffd140b5000 	C:\WINDOWS\System32\shlwapi.dll
0x00007ffd12060000 - 0x00007ffd12085000 	C:\WINDOWS\SYSTEM32\profapi.dll
0x00007ffd093b0000 - 0x00007ffd093c9000 	C:\Users\rsssa\.vscode\extensions\redhat.java-1.28.1-win32-x64\jre\17.0.10-win32-x86_64\bin\net.dll
0x00007ffd01490000 - 0x00007ffd0159a000 	C:\WINDOWS\SYSTEM32\WINHTTP.dll
0x00007ffd117f0000 - 0x00007ffd1185a000 	C:\WINDOWS\system32\mswsock.dll
0x00007ffd08f20000 - 0x00007ffd08f36000 	C:\Users\rsssa\.vscode\extensions\redhat.java-1.28.1-win32-x64\jre\17.0.10-win32-x86_64\bin\nio.dll
0x00007ffd0a9f0000 - 0x00007ffd0aa00000 	c:\Users\rsssa\.vscode\extensions\redhat.java-1.28.1-win32-x64\jre\17.0.10-win32-x86_64\bin\verify.dll
0x00007ffcc5a70000 - 0x00007ffcc5aae000 	C:\Users\rsssa\AppData\Roaming\Code\User\globalStorage\redhat.java\1.28.1\config_ss_win\org.eclipse.equinox.launcher\org.eclipse.equinox.launcher.win32.win32.x86_64_1.2.900.v20240129-1338\eclipse_11900.dll
0x00007ffd140e0000 - 0x00007ffd1420b000 	C:\WINDOWS\System32\ole32.dll
0x00007ffd119e0000 - 0x00007ffd119f8000 	C:\WINDOWS\SYSTEM32\CRYPTSP.dll
0x00007ffd11120000 - 0x00007ffd11154000 	C:\WINDOWS\system32\rsaenh.dll
0x00007ffd11fe0000 - 0x00007ffd1200e000 	C:\WINDOWS\SYSTEM32\USERENV.dll
0x00007ffd11a00000 - 0x00007ffd11a0c000 	C:\WINDOWS\SYSTEM32\CRYPTBASE.dll
0x00007ffd114e0000 - 0x00007ffd1151b000 	C:\WINDOWS\SYSTEM32\IPHLPAPI.DLL
0x00007ffd14260000 - 0x00007ffd14268000 	C:\WINDOWS\System32\NSI.dll
0x00007ffd02290000 - 0x00007ffd022a7000 	C:\WINDOWS\SYSTEM32\dhcpcsvc6.DLL
0x00007ffd027a0000 - 0x00007ffd027bd000 	C:\WINDOWS\SYSTEM32\dhcpcsvc.DLL
0x00007ffd11520000 - 0x00007ffd115eb000 	C:\WINDOWS\SYSTEM32\DNSAPI.dll
0x00007ffcc5a20000 - 0x00007ffcc5a65000 	C:\Users\rsssa\AppData\Local\Temp\jna-108821536\jna8574047389984755308.dll
0x00007ffd14250000 - 0x00007ffd14258000 	C:\WINDOWS\System32\PSAPI.DLL

dbghelp: loaded successfully - version: 4.0.5 - missing functions: none
symbol engine: initialized successfully - sym options: 0x614 - pdb path: .;c:\Users\rsssa\.vscode\extensions\redhat.java-1.28.1-win32-x64\jre\17.0.10-win32-x86_64\bin;C:\WINDOWS\SYSTEM32;C:\WINDOWS\WinSxS\amd64_microsoft.windows.common-controls_6595b64144ccf1df_6.0.19041.3636_none_60b6a03d71f818d5;c:\Users\rsssa\.vscode\extensions\redhat.java-1.28.1-win32-x64\jre\17.0.10-win32-x86_64\bin\server;C:\Users\rsssa\AppData\Roaming\Code\User\globalStorage\redhat.java\1.28.1\config_ss_win\org.eclipse.equinox.launcher\org.eclipse.equinox.launcher.win32.win32.x86_64_1.2.900.v20240129-1338;C:\Users\rsssa\AppData\Local\Temp\jna-108821536

VM Arguments:
jvm_args: --add-modules=ALL-SYSTEM --add-opens=java.base/java.util=ALL-UNNAMED --add-opens=java.base/java.lang=ALL-UNNAMED --add-opens=java.base/sun.nio.fs=ALL-UNNAMED -Declipse.application=org.eclipse.jdt.ls.core.id1 -Dosgi.bundles.defaultStartLevel=4 -Declipse.product=org.eclipse.jdt.ls.core.product -Djava.import.generatesMetadataFilesAtProjectRoot=false -DDetectVMInstallationsJob.disabled=true -Dfile.encoding=utf8 -XX:+UseParallelGC -XX:GCTimeRatio=4 -XX:AdaptiveSizePolicyWeight=90 -Dsun.zip.disableMemoryMapping=true -Xmx1G -Xms100m -Xlog:disable -javaagent:c:\Users\rsssa\.vscode\extensions\redhat.java-1.28.1-win32-x64\lombok\lombok-1.18.31.jar 
java_command: c:\Users\rsssa\.vscode\extensions\redhat.java-1.28.1-win32-x64\server\plugins\org.eclipse.equinox.launcher_1.6.700.v20231214-2017.jar -configuration c:\Users\rsssa\AppData\Roaming\Code\User\globalStorage\redhat.java\1.28.1\config_ss_win -data c:\Users\rsssa\AppData\Roaming\Code\User\workspaceStorage\cf87f48ec094f8ee1c017ef20b3908f4\redhat.java\ss_ws --stdio
java_class_path (initial): c:\Users\rsssa\.vscode\extensions\redhat.java-1.28.1-win32-x64\server\plugins\org.eclipse.equinox.launcher_1.6.700.v20231214-2017.jar
Launcher Type: SUN_STANDARD

[Global flags]
    uintx AdaptiveSizePolicyWeight                 = 90                                        {product} {command line}
     intx CICompilerCount                          = 3                                         {product} {ergonomic}
    uintx GCTimeRatio                              = 4                                         {product} {command line}
   size_t InitialHeapSize                          = 104857600                                 {product} {command line}
   size_t MaxHeapSize                              = 1073741824                                {product} {command line}
   size_t MaxNewSize                               = 357564416                                 {product} {ergonomic}
   size_t MinHeapDeltaBytes                        = 524288                                    {product} {ergonomic}
   size_t MinHeapSize                              = 104857600                                 {product} {command line}
   size_t NewSize                                  = 34603008                                  {product} {ergonomic}
    uintx NonNMethodCodeHeapSize                   = 5832780                                {pd product} {ergonomic}
    uintx NonProfiledCodeHeapSize                  = 122912730                              {pd product} {ergonomic}
   size_t OldSize                                  = 70254592                                  {product} {ergonomic}
    uintx ProfiledCodeHeapSize                     = 122912730                              {pd product} {ergonomic}
    uintx ReservedCodeCacheSize                    = 251658240                              {pd product} {ergonomic}
     bool SegmentedCodeCache                       = true                                      {product} {ergonomic}
   size_t SoftMaxHeapSize                          = 1073741824                             {manageable} {ergonomic}
     bool UseCompressedClassPointers               = true                           {product lp64_product} {ergonomic}
     bool UseCompressedOops                        = true                           {product lp64_product} {ergonomic}
     bool UseLargePagesIndividualAllocation        = false                                  {pd product} {ergonomic}
     bool UseParallelGC                            = true                                      {product} {command line}

Logging:
Log output configuration:
 #0: stdout all=off uptime,level,tags
 #1: stderr all=off uptime,level,tags

Environment Variables:
JAVA_HOME=C:\Program Files\Java\jdk-16
PATH=C:\Python311\Scripts\;C:\Python311\;C:\OracleXE\21c\dbhomeXE\bin;C:\Python310\Scripts\;C:\Python310\;C:\Program Files\Common Files\Oracle\Java\javapath;C:\Program Files (x86)\Common Files\Oracle\Java\javapath;C:\WINDOWS\system32;C:\WINDOWS;C:\WINDOWS\System32\Wbem;C:\WINDOWS\System32\WindowsPowerShell\v1.0\;C:\WINDOWS\System32\OpenSSH\;C:\TDM-GCC-64\bin;C:\Program Files (x86)\Brackets\command;C:\Program Files\Git\cmd;C:\ProgramData\chocolatey\bin;C:\Program Files\dotnet\;C:\Program Files\Java\jdk-16\bin;C:\gradle-8.1\bin;C:\Program Files\nodejs\;C:\Program Files\MySQL\MySQL Shell 8.0\bin\;C:\Users\rsssa\AppData\Local\Microsoft\WindowsApps;C:\Program Files\JetBrains\PyCharm Community Edition 2020.1.2\bin;;C:\Users\rsssa\AppData\Local\GitHubDesktop\bin;C:\Users\rsssa\.dotnet\tools;C:\Users\rsssa\AppData\Local\Programs\Microsoft VS Code\bin;C:\gradle-8.1\bin;C:\Users\rsssa\AppData\Roaming\npm;C:\jsoup\jsoup-1.17.2.jar;
USERNAME=rsssa
OS=Windows_NT
PROCESSOR_IDENTIFIER=Intel64 Family 6 Model 142 Stepping 9, GenuineIntel
TMP=C:\Users\rsssa\AppData\Local\Temp
TEMP=C:\Users\rsssa\AppData\Local\Temp



Periodic native trim disabled


---------------  S Y S T E M  ---------------

OS:
 Windows 10 , 64 bit Build 19041 (10.0.19041.3636)
OS uptime: 6 days 8:51 hours

CPU: total 4 (initial active 4) (2 cores per cpu, 2 threads per core) family 6 model 142 stepping 9 microcode 0xea, cx8, cmov, fxsr, ht, mmx, 3dnowpref, sse, sse2, sse3, ssse3, sse4.1, sse4.2, popcnt, lzcnt, tsc, tscinvbit, avx, avx2, aes, erms, clmul, bmi1, bmi2, adx, fma, vzeroupper, clflush, clflushopt
Processor Information for all 4 processors :
  Max Mhz: 2300, Current Mhz: 2300, Mhz Limit: 2300

Memory: 4k page, system-wide physical 4007M (141M free)
TotalPageFile size 16295M (AvailPageFile size 0M)
current process WorkingSet (physical memory assigned to process): 133M, peak: 170M
current process commit charge ("private bytes"): 239M, peak: 260M

vm_info: OpenJDK 64-Bit Server VM (17.0.10+7) for windows-amd64 JRE (17.0.10+7), built on Jan 16 2024 23:25:11 by "admin" with MS VC++ 16.10 / 16.11 (VS2019)

END.
